2023-03-24 00:17:26,406 INFO org.springframework.orm.jpa.AbstractEntityManagerFactoryBean [SpringApplicationShutdownHook] Closing JPA EntityManagerFactory for persistence unit 'default'
2023-03-24 00:17:26,433 DEBUG org.hibernate.internal.SessionFactoryImpl [SpringApplicationShutdownHook] HHH000031: Closing
2023-03-24 00:17:26,451 DEBUG org.hibernate.type.spi.TypeConfiguration$Scope [SpringApplicationShutdownHook] Un-scoping TypeConfiguration [org.hibernate.type.spi.TypeConfiguration$Scope@6558ea98] from SessionFactory [org.hibernate.internal.SessionFactoryImpl@20cff21e]
2023-03-24 00:17:26,463 DEBUG org.hibernate.service.internal.AbstractServiceRegistryImpl [SpringApplicationShutdownHook] Implicitly destroying ServiceRegistry on de-registration of all child ServiceRegistries
2023-03-24 00:17:26,474 DEBUG org.hibernate.boot.registry.internal.BootstrapServiceRegistryImpl [SpringApplicationShutdownHook] Implicitly destroying Boot-strap registry on de-registration of all child ServiceRegistries
2023-03-24 00:17:26,475 INFO com.zaxxer.hikari.HikariDataSource [SpringApplicationShutdownHook] HikariPool-1 - Shutdown initiated...
2023-03-24 00:17:26,487 INFO com.zaxxer.hikari.HikariDataSource [SpringApplicationShutdownHook] HikariPool-1 - Shutdown completed.
2023-03-24 17:55:04,444 INFO org.springframework.boot.StartupInfoLogger [main] Starting MyPfeApplication using Java 1.8.0_351 on LAPTOP-MHAL7KCU with PID 14880 (D:\JAVA CIGMA\MyPFE\target\classes started by Ayman in D:\JAVA CIGMA\MyPFE)
2023-03-24 17:55:04,449 DEBUG org.springframework.boot.StartupInfoLogger [main] Running with Spring Boot v2.7.7, Spring v5.3.24
2023-03-24 17:55:04,450 INFO org.springframework.boot.SpringApplication [main] The following 1 profile is active: "dev"
2023-03-24 17:55:06,217 INFO org.springframework.data.repository.config.RepositoryConfigurationDelegate [main] Bootstrapping Spring Data JPA repositories in DEFAULT mode.
2023-03-24 17:55:06,333 INFO org.springframework.data.repository.config.RepositoryConfigurationDelegate [main] Finished Spring Data repository scanning in 95 ms. Found 1 JPA repository interfaces.
2023-03-24 17:55:07,838 INFO org.springframework.boot.web.embedded.tomcat.TomcatWebServer [main] Tomcat initialized with port(s): 8092 (http)
2023-03-24 17:55:07,864 INFO org.apache.juli.logging.DirectJDKLog [main] Initializing ProtocolHandler ["http-nio-8092"]
2023-03-24 17:55:07,867 INFO org.apache.juli.logging.DirectJDKLog [main] Starting service [Tomcat]
2023-03-24 17:55:07,868 INFO org.apache.juli.logging.DirectJDKLog [main] Starting Servlet engine: [Apache Tomcat/9.0.70]
2023-03-24 17:55:08,367 INFO org.apache.juli.logging.DirectJDKLog [main] Initializing Spring embedded WebApplicationContext
2023-03-24 17:55:08,367 INFO org.springframework.boot.web.servlet.context.ServletWebServerApplicationContext [main] Root WebApplicationContext: initialization completed in 3811 ms
2023-03-24 17:55:08,776 DEBUG org.hibernate.jpa.internal.util.LogHelper [main] PersistenceUnitInfo [
	name: default
	persistence provider classname: null
	classloader: sun.misc.Launcher$AppClassLoader@18b4aac2
	excludeUnlistedClasses: true
	JTA datasource: null
	Non JTA datasource: HikariDataSource (null)
	Transaction type: RESOURCE_LOCAL
	PU root URL: file:/D:/JAVA%20CIGMA/MyPFE/target/classes/
	Shared Cache Mode: UNSPECIFIED
	Validation Mode: AUTO
	Jar files URLs []
	Managed classes names [
		ma.mypfe.students.entities.StudentEntity]
	Mapping files names []
	Properties []
2023-03-24 17:55:08,803 DEBUG org.hibernate.integrator.internal.IntegratorServiceImpl [main] Adding Integrator [org.hibernate.cfg.beanvalidation.BeanValidationIntegrator].
2023-03-24 17:55:08,806 DEBUG org.hibernate.integrator.internal.IntegratorServiceImpl [main] Adding Integrator [org.hibernate.secure.spi.JaccIntegrator].
2023-03-24 17:55:08,810 DEBUG org.hibernate.integrator.internal.IntegratorServiceImpl [main] Adding Integrator [org.hibernate.cache.internal.CollectionCacheInvalidator].
2023-03-24 17:55:08,887 INFO org.hibernate.Version [main] HHH000412: Hibernate ORM core version 5.6.14.Final
2023-03-24 17:55:08,891 DEBUG org.hibernate.cfg.Environment [main] HHH000206: hibernate.properties not found
2023-03-24 17:55:09,247 DEBUG org.hibernate.service.spi.ServiceBinding [main] Overriding existing service binding [org.hibernate.secure.spi.JaccService]
2023-03-24 17:55:09,267 DEBUG org.hibernate.cache.internal.RegionFactoryInitiator [main] Cannot default RegionFactory based on registered strategies as `[]` RegionFactory strategies were registered
2023-03-24 17:55:09,270 DEBUG org.hibernate.cache.internal.RegionFactoryInitiator [main] Cache region factory : org.hibernate.cache.internal.NoCachingRegionFactory
2023-03-24 17:55:09,297 INFO org.hibernate.annotations.common.reflection.java.JavaReflectionManager [main] HCANN000001: Hibernate Commons Annotations {5.1.2.Final}
2023-03-24 17:55:09,347 DEBUG org.hibernate.type.BasicTypeRegistry [main] Adding type registration boolean -> org.hibernate.type.BooleanType@3b42121d
2023-03-24 17:55:09,347 DEBUG org.hibernate.type.BasicTypeRegistry [main] Adding type registration boolean -> org.hibernate.type.BooleanType@3b42121d
2023-03-24 17:55:09,347 DEBUG org.hibernate.type.BasicTypeRegistry [main] Adding type registration java.lang.Boolean -> org.hibernate.type.BooleanType@3b42121d
2023-03-24 17:55:09,349 DEBUG org.hibernate.type.BasicTypeRegistry [main] Adding type registration numeric_boolean -> org.hibernate.type.NumericBooleanType@4733f6f5
2023-03-24 17:55:09,350 DEBUG org.hibernate.type.BasicTypeRegistry [main] Adding type registration true_false -> org.hibernate.type.TrueFalseType@3453acd2
2023-03-24 17:55:09,352 DEBUG org.hibernate.type.BasicTypeRegistry [main] Adding type registration yes_no -> org.hibernate.type.YesNoType@71b6172c
2023-03-24 17:55:09,354 DEBUG org.hibernate.type.BasicTypeRegistry [main] Adding type registration byte -> org.hibernate.type.ByteType@17b016ac
2023-03-24 17:55:09,354 DEBUG org.hibernate.type.BasicTypeRegistry [main] Adding type registration byte -> org.hibernate.type.ByteType@17b016ac
2023-03-24 17:55:09,355 DEBUG org.hibernate.type.BasicTypeRegistry [main] Adding type registration java.lang.Byte -> org.hibernate.type.ByteType@17b016ac
2023-03-24 17:55:09,356 DEBUG org.hibernate.type.BasicTypeRegistry [main] Adding type registration character -> org.hibernate.type.CharacterType@535b1ae6
2023-03-24 17:55:09,357 DEBUG org.hibernate.type.BasicTypeRegistry [main] Adding type registration char -> org.hibernate.type.CharacterType@535b1ae6
2023-03-24 17:55:09,357 DEBUG org.hibernate.type.BasicTypeRegistry [main] Adding type registration java.lang.Character -> org.hibernate.type.CharacterType@535b1ae6
2023-03-24 17:55:09,359 DEBUG org.hibernate.type.BasicTypeRegistry [main] Adding type registration short -> org.hibernate.type.ShortType@6f825516
2023-03-24 17:55:09,360 DEBUG org.hibernate.type.BasicTypeRegistry [main] Adding type registration short -> org.hibernate.type.ShortType@6f825516
2023-03-24 17:55:09,360 DEBUG org.hibernate.type.BasicTypeRegistry [main] Adding type registration java.lang.Short -> org.hibernate.type.ShortType@6f825516
2023-03-24 17:55:09,362 DEBUG org.hibernate.type.BasicTypeRegistry [main] Adding type registration integer -> org.hibernate.type.IntegerType@7161457
2023-03-24 17:55:09,362 DEBUG org.hibernate.type.BasicTypeRegistry [main] Adding type registration int -> org.hibernate.type.IntegerType@7161457
2023-03-24 17:55:09,363 DEBUG org.hibernate.type.BasicTypeRegistry [main] Adding type registration java.lang.Integer -> org.hibernate.type.IntegerType@7161457
2023-03-24 17:55:09,365 DEBUG org.hibernate.type.BasicTypeRegistry [main] Adding type registration long -> org.hibernate.type.LongType@76cf841
2023-03-24 17:55:09,366 DEBUG org.hibernate.type.BasicTypeRegistry [main] Adding type registration long -> org.hibernate.type.LongType@76cf841
2023-03-24 17:55:09,366 DEBUG org.hibernate.type.BasicTypeRegistry [main] Adding type registration java.lang.Long -> org.hibernate.type.LongType@76cf841
2023-03-24 17:55:09,368 DEBUG org.hibernate.type.BasicTypeRegistry [main] Adding type registration float -> org.hibernate.type.FloatType@2bc7db89
2023-03-24 17:55:09,368 DEBUG org.hibernate.type.BasicTypeRegistry [main] Adding type registration float -> org.hibernate.type.FloatType@2bc7db89
2023-03-24 17:55:09,369 DEBUG org.hibernate.type.BasicTypeRegistry [main] Adding type registration java.lang.Float -> org.hibernate.type.FloatType@2bc7db89
2023-03-24 17:55:09,371 DEBUG org.hibernate.type.BasicTypeRegistry [main] Adding type registration double -> org.hibernate.type.DoubleType@51a651c1
2023-03-24 17:55:09,371 DEBUG org.hibernate.type.BasicTypeRegistry [main] Adding type registration double -> org.hibernate.type.DoubleType@51a651c1
2023-03-24 17:55:09,372 DEBUG org.hibernate.type.BasicTypeRegistry [main] Adding type registration java.lang.Double -> org.hibernate.type.DoubleType@51a651c1
2023-03-24 17:55:09,374 DEBUG org.hibernate.type.BasicTypeRegistry [main] Adding type registration big_decimal -> org.hibernate.type.BigDecimalType@7a6ea47d
2023-03-24 17:55:09,374 DEBUG org.hibernate.type.BasicTypeRegistry [main] Adding type registration java.math.BigDecimal -> org.hibernate.type.BigDecimalType@7a6ea47d
2023-03-24 17:55:09,377 DEBUG org.hibernate.type.BasicTypeRegistry [main] Adding type registration big_integer -> org.hibernate.type.BigIntegerType@20ead579
2023-03-24 17:55:09,377 DEBUG org.hibernate.type.BasicTypeRegistry [main] Adding type registration java.math.BigInteger -> org.hibernate.type.BigIntegerType@20ead579
2023-03-24 17:55:09,380 DEBUG org.hibernate.type.BasicTypeRegistry [main] Adding type registration string -> org.hibernate.type.StringType@5f34907b
2023-03-24 17:55:09,380 DEBUG org.hibernate.type.BasicTypeRegistry [main] Adding type registration java.lang.String -> org.hibernate.type.StringType@5f34907b
2023-03-24 17:55:09,382 DEBUG org.hibernate.type.BasicTypeRegistry [main] Adding type registration nstring -> org.hibernate.type.StringNVarcharType@671ea6ff
2023-03-24 17:55:09,384 DEBUG org.hibernate.type.BasicTypeRegistry [main] Adding type registration ncharacter -> org.hibernate.type.CharacterNCharType@1b0e9707
2023-03-24 17:55:09,386 DEBUG org.hibernate.type.BasicTypeRegistry [main] Adding type registration url -> org.hibernate.type.UrlType@287ae90c
2023-03-24 17:55:09,387 DEBUG org.hibernate.type.BasicTypeRegistry [main] Adding type registration java.net.URL -> org.hibernate.type.UrlType@287ae90c
2023-03-24 17:55:09,390 DEBUG org.hibernate.type.BasicTypeRegistry [main] Adding type registration Duration -> org.hibernate.type.DurationType@1526f71
2023-03-24 17:55:09,391 DEBUG org.hibernate.type.BasicTypeRegistry [main] Adding type registration java.time.Duration -> org.hibernate.type.DurationType@1526f71
2023-03-24 17:55:09,395 DEBUG org.hibernate.type.BasicTypeRegistry [main] Adding type registration Instant -> org.hibernate.type.InstantType@5489b1f7
2023-03-24 17:55:09,396 DEBUG org.hibernate.type.BasicTypeRegistry [main] Adding type registration java.time.Instant -> org.hibernate.type.InstantType@5489b1f7
2023-03-24 17:55:09,399 DEBUG org.hibernate.type.BasicTypeRegistry [main] Adding type registration LocalDateTime -> org.hibernate.type.LocalDateTimeType@21c747a
2023-03-24 17:55:09,400 DEBUG org.hibernate.type.BasicTypeRegistry [main] Adding type registration java.time.LocalDateTime -> org.hibernate.type.LocalDateTimeType@21c747a
2023-03-24 17:55:09,403 DEBUG org.hibernate.type.BasicTypeRegistry [main] Adding type registration LocalDate -> org.hibernate.type.LocalDateType@252744a1
2023-03-24 17:55:09,404 DEBUG org.hibernate.type.BasicTypeRegistry [main] Adding type registration java.time.LocalDate -> org.hibernate.type.LocalDateType@252744a1
2023-03-24 17:55:09,407 DEBUG org.hibernate.type.BasicTypeRegistry [main] Adding type registration LocalTime -> org.hibernate.type.LocalTimeType@235b4cb8
2023-03-24 17:55:09,408 DEBUG org.hibernate.type.BasicTypeRegistry [main] Adding type registration java.time.LocalTime -> org.hibernate.type.LocalTimeType@235b4cb8
2023-03-24 17:55:09,411 DEBUG org.hibernate.type.BasicTypeRegistry [main] Adding type registration OffsetDateTime -> org.hibernate.type.OffsetDateTimeType@2fbe26da
2023-03-24 17:55:09,411 DEBUG org.hibernate.type.BasicTypeRegistry [main] Adding type registration java.time.OffsetDateTime -> org.hibernate.type.OffsetDateTimeType@2fbe26da
2023-03-24 17:55:09,414 DEBUG org.hibernate.type.BasicTypeRegistry [main] Adding type registration OffsetTime -> org.hibernate.type.OffsetTimeType@106b014e
2023-03-24 17:55:09,415 DEBUG org.hibernate.type.BasicTypeRegistry [main] Adding type registration java.time.OffsetTime -> org.hibernate.type.OffsetTimeType@106b014e
2023-03-24 17:55:09,421 DEBUG org.hibernate.type.BasicTypeRegistry [main] Adding type registration ZonedDateTime -> org.hibernate.type.ZonedDateTimeType@3290b1a6
2023-03-24 17:55:09,421 DEBUG org.hibernate.type.BasicTypeRegistry [main] Adding type registration java.time.ZonedDateTime -> org.hibernate.type.ZonedDateTimeType@3290b1a6
2023-03-24 17:55:09,423 DEBUG org.hibernate.type.BasicTypeRegistry [main] Adding type registration date -> org.hibernate.type.DateType@2f80cb79
2023-03-24 17:55:09,424 DEBUG org.hibernate.type.BasicTypeRegistry [main] Adding type registration java.sql.Date -> org.hibernate.type.DateType@2f80cb79
2023-03-24 17:55:09,438 DEBUG org.hibernate.type.BasicTypeRegistry [main] Adding type registration time -> org.hibernate.type.TimeType@250b5e5b
2023-03-24 17:55:09,439 DEBUG org.hibernate.type.BasicTypeRegistry [main] Adding type registration java.sql.Time -> org.hibernate.type.TimeType@250b5e5b
2023-03-24 17:55:09,442 DEBUG org.hibernate.type.BasicTypeRegistry [main] Adding type registration timestamp -> org.hibernate.type.TimestampType@557b6a37
2023-03-24 17:55:09,442 DEBUG org.hibernate.type.BasicTypeRegistry [main] Adding type registration java.sql.Timestamp -> org.hibernate.type.TimestampType@557b6a37
2023-03-24 17:55:09,443 DEBUG org.hibernate.type.BasicTypeRegistry [main] Adding type registration java.util.Date -> org.hibernate.type.TimestampType@557b6a37
2023-03-24 17:55:09,447 DEBUG org.hibernate.type.BasicTypeRegistry [main] Adding type registration dbtimestamp -> org.hibernate.type.DbTimestampType@5df63359
2023-03-24 17:55:09,450 DEBUG org.hibernate.type.BasicTypeRegistry [main] Adding type registration calendar -> org.hibernate.type.CalendarType@71370fec
2023-03-24 17:55:09,450 DEBUG org.hibernate.type.BasicTypeRegistry [main] Adding type registration java.util.Calendar -> org.hibernate.type.CalendarType@71370fec
2023-03-24 17:55:09,451 DEBUG org.hibernate.type.BasicTypeRegistry [main] Adding type registration java.util.GregorianCalendar -> org.hibernate.type.CalendarType@71370fec
2023-03-24 17:55:09,453 DEBUG org.hibernate.type.BasicTypeRegistry [main] Adding type registration calendar_date -> org.hibernate.type.CalendarDateType@f0a66bd
2023-03-24 17:55:09,456 DEBUG org.hibernate.type.BasicTypeRegistry [main] Adding type registration calendar_time -> org.hibernate.type.CalendarTimeType@5dfe23e8
2023-03-24 17:55:09,459 DEBUG org.hibernate.type.BasicTypeRegistry [main] Adding type registration locale -> org.hibernate.type.LocaleType@104dc1a2
2023-03-24 17:55:09,459 DEBUG org.hibernate.type.BasicTypeRegistry [main] Adding type registration java.util.Locale -> org.hibernate.type.LocaleType@104dc1a2
2023-03-24 17:55:09,462 DEBUG org.hibernate.type.BasicTypeRegistry [main] Adding type registration currency -> org.hibernate.type.CurrencyType@2792b416
2023-03-24 17:55:09,463 DEBUG org.hibernate.type.BasicTypeRegistry [main] Adding type registration java.util.Currency -> org.hibernate.type.CurrencyType@2792b416
2023-03-24 17:55:09,467 DEBUG org.hibernate.type.BasicTypeRegistry [main] Adding type registration timezone -> org.hibernate.type.TimeZoneType@164642a4
2023-03-24 17:55:09,468 DEBUG org.hibernate.type.BasicTypeRegistry [main] Adding type registration java.util.TimeZone -> org.hibernate.type.TimeZoneType@164642a4
2023-03-24 17:55:09,471 DEBUG org.hibernate.type.BasicTypeRegistry [main] Adding type registration class -> org.hibernate.type.ClassType@6f5bd362
2023-03-24 17:55:09,471 DEBUG org.hibernate.type.BasicTypeRegistry [main] Adding type registration java.lang.Class -> org.hibernate.type.ClassType@6f5bd362
2023-03-24 17:55:09,475 DEBUG org.hibernate.type.BasicTypeRegistry [main] Adding type registration uuid-binary -> org.hibernate.type.UUIDBinaryType@2cd388f5
2023-03-24 17:55:09,476 DEBUG org.hibernate.type.BasicTypeRegistry [main] Adding type registration java.util.UUID -> org.hibernate.type.UUIDBinaryType@2cd388f5
2023-03-24 17:55:09,478 DEBUG org.hibernate.type.BasicTypeRegistry [main] Adding type registration uuid-char -> org.hibernate.type.UUIDCharType@7f323b3a
2023-03-24 17:55:09,483 DEBUG org.hibernate.type.BasicTypeRegistry [main] Adding type registration binary -> org.hibernate.type.BinaryType@57efc6fd
2023-03-24 17:55:09,484 DEBUG org.hibernate.type.BasicTypeRegistry [main] Adding type registration byte[] -> org.hibernate.type.BinaryType@57efc6fd
2023-03-24 17:55:09,485 DEBUG org.hibernate.type.BasicTypeRegistry [main] Adding type registration [B -> org.hibernate.type.BinaryType@57efc6fd
2023-03-24 17:55:09,489 DEBUG org.hibernate.type.BasicTypeRegistry [main] Adding type registration wrapper-binary -> org.hibernate.type.WrapperBinaryType@214beff9
2023-03-24 17:55:09,490 DEBUG org.hibernate.type.BasicTypeRegistry [main] Adding type registration Byte[] -> org.hibernate.type.WrapperBinaryType@214beff9
2023-03-24 17:55:09,491 DEBUG org.hibernate.type.BasicTypeRegistry [main] Adding type registration [Ljava.lang.Byte; -> org.hibernate.type.WrapperBinaryType@214beff9
2023-03-24 17:55:09,494 DEBUG org.hibernate.type.BasicTypeRegistry [main] Adding type registration row_version -> org.hibernate.type.RowVersionType@52226e57
2023-03-24 17:55:09,496 DEBUG org.hibernate.type.BasicTypeRegistry [main] Adding type registration image -> org.hibernate.type.ImageType@3cc30dee
2023-03-24 17:55:09,501 DEBUG org.hibernate.type.BasicTypeRegistry [main] Adding type registration characters -> org.hibernate.type.CharArrayType@17229821
2023-03-24 17:55:09,502 DEBUG org.hibernate.type.BasicTypeRegistry [main] Adding type registration char[] -> org.hibernate.type.CharArrayType@17229821
2023-03-24 17:55:09,503 DEBUG org.hibernate.type.BasicTypeRegistry [main] Adding type registration [C -> org.hibernate.type.CharArrayType@17229821
2023-03-24 17:55:09,507 DEBUG org.hibernate.type.BasicTypeRegistry [main] Adding type registration wrapper-characters -> org.hibernate.type.CharacterArrayType@750a04ec
2023-03-24 17:55:09,508 DEBUG org.hibernate.type.BasicTypeRegistry [main] Adding type registration [Ljava.lang.Character; -> org.hibernate.type.CharacterArrayType@750a04ec
2023-03-24 17:55:09,509 DEBUG org.hibernate.type.BasicTypeRegistry [main] Adding type registration Character[] -> org.hibernate.type.CharacterArrayType@750a04ec
2023-03-24 17:55:09,511 DEBUG org.hibernate.type.BasicTypeRegistry [main] Adding type registration text -> org.hibernate.type.TextType@49f3ff41
2023-03-24 17:55:09,514 DEBUG org.hibernate.type.BasicTypeRegistry [main] Adding type registration ntext -> org.hibernate.type.NTextType@45b32dfe
2023-03-24 17:55:09,520 DEBUG org.hibernate.type.BasicTypeRegistry [main] Adding type registration blob -> org.hibernate.type.BlobType@4f2d014a
2023-03-24 17:55:09,521 DEBUG org.hibernate.type.BasicTypeRegistry [main] Adding type registration java.sql.Blob -> org.hibernate.type.BlobType@4f2d014a
2023-03-24 17:55:09,523 DEBUG org.hibernate.type.BasicTypeRegistry [main] Adding type registration materialized_blob -> org.hibernate.type.MaterializedBlobType@fe09383
2023-03-24 17:55:09,528 DEBUG org.hibernate.type.BasicTypeRegistry [main] Adding type registration clob -> org.hibernate.type.ClobType@3b7c80c6
2023-03-24 17:55:09,529 DEBUG org.hibernate.type.BasicTypeRegistry [main] Adding type registration java.sql.Clob -> org.hibernate.type.ClobType@3b7c80c6
2023-03-24 17:55:09,534 DEBUG org.hibernate.type.BasicTypeRegistry [main] Adding type registration nclob -> org.hibernate.type.NClobType@6b4fc2d1
2023-03-24 17:55:09,534 DEBUG org.hibernate.type.BasicTypeRegistry [main] Adding type registration java.sql.NClob -> org.hibernate.type.NClobType@6b4fc2d1
2023-03-24 17:55:09,536 DEBUG org.hibernate.type.BasicTypeRegistry [main] Adding type registration materialized_clob -> org.hibernate.type.MaterializedClobType@1378eea2
2023-03-24 17:55:09,538 DEBUG org.hibernate.type.BasicTypeRegistry [main] Adding type registration materialized_nclob -> org.hibernate.type.MaterializedNClobType@5a484ce1
2023-03-24 17:55:09,542 DEBUG org.hibernate.type.BasicTypeRegistry [main] Adding type registration serializable -> org.hibernate.type.SerializableType@3728a578
2023-03-24 17:55:09,553 DEBUG org.hibernate.type.BasicTypeRegistry [main] Adding type registration object -> org.hibernate.type.ObjectType@1f43cab7
2023-03-24 17:55:09,553 DEBUG org.hibernate.type.BasicTypeRegistry [main] Adding type registration java.lang.Object -> org.hibernate.type.ObjectType@1f43cab7
2023-03-24 17:55:09,555 DEBUG org.hibernate.type.BasicTypeRegistry [main] Adding type registration imm_date -> org.hibernate.type.AdaptedImmutableType@7f353a0f
2023-03-24 17:55:09,556 DEBUG org.hibernate.type.BasicTypeRegistry [main] Adding type registration imm_time -> org.hibernate.type.AdaptedImmutableType@7ea2412c
2023-03-24 17:55:09,557 DEBUG org.hibernate.type.BasicTypeRegistry [main] Adding type registration imm_timestamp -> org.hibernate.type.AdaptedImmutableType@1c93b51e
2023-03-24 17:55:09,558 DEBUG org.hibernate.type.BasicTypeRegistry [main] Adding type registration imm_dbtimestamp -> org.hibernate.type.AdaptedImmutableType@7c0f28f8
2023-03-24 17:55:09,558 DEBUG org.hibernate.type.BasicTypeRegistry [main] Adding type registration imm_calendar -> org.hibernate.type.AdaptedImmutableType@2abc8034
2023-03-24 17:55:09,559 DEBUG org.hibernate.type.BasicTypeRegistry [main] Adding type registration imm_calendar_date -> org.hibernate.type.AdaptedImmutableType@467b0f6e
2023-03-24 17:55:09,559 DEBUG org.hibernate.type.BasicTypeRegistry [main] Adding type registration imm_binary -> org.hibernate.type.AdaptedImmutableType@474179fa
2023-03-24 17:55:09,559 DEBUG org.hibernate.type.BasicTypeRegistry [main] Adding type registration imm_serializable -> org.hibernate.type.AdaptedImmutableType@420cd102
2023-03-24 17:55:09,586 DEBUG org.hibernate.boot.internal.BootstrapContextImpl [main] Injecting JPA temp ClassLoader [org.springframework.instrument.classloading.SimpleThrowawayClassLoader@706ddbc8] into BootstrapContext; was [null]
2023-03-24 17:55:09,586 DEBUG org.hibernate.boot.internal.ClassLoaderAccessImpl [main] ClassLoaderAccessImpl#injectTempClassLoader(org.springframework.instrument.classloading.SimpleThrowawayClassLoader@706ddbc8) [was null]
2023-03-24 17:55:09,587 DEBUG org.hibernate.boot.internal.BootstrapContextImpl [main] Injecting ScanEnvironment [org.hibernate.jpa.boot.internal.StandardJpaScanEnvironmentImpl@7ebe2e47] into BootstrapContext; was [null]
2023-03-24 17:55:09,588 DEBUG org.hibernate.boot.internal.BootstrapContextImpl [main] Injecting ScanOptions [org.hibernate.boot.archive.scan.internal.StandardScanOptions@609319c3] into BootstrapContext; was [org.hibernate.boot.archive.scan.internal.StandardScanOptions@6bbab114]
2023-03-24 17:55:09,613 DEBUG org.hibernate.boot.internal.BootstrapContextImpl [main] Injecting JPA temp ClassLoader [null] into BootstrapContext; was [org.springframework.instrument.classloading.SimpleThrowawayClassLoader@706ddbc8]
2023-03-24 17:55:09,614 DEBUG org.hibernate.boot.internal.ClassLoaderAccessImpl [main] ClassLoaderAccessImpl#injectTempClassLoader(null) [was org.springframework.instrument.classloading.SimpleThrowawayClassLoader@706ddbc8]
2023-03-24 17:55:09,641 DEBUG org.hibernate.id.factory.internal.DefaultIdentifierGeneratorFactory [main] Registering IdentifierGenerator strategy [uuid2] -> [org.hibernate.id.UUIDGenerator]
2023-03-24 17:55:09,642 DEBUG org.hibernate.id.factory.internal.DefaultIdentifierGeneratorFactory [main] Registering IdentifierGenerator strategy [guid] -> [org.hibernate.id.GUIDGenerator]
2023-03-24 17:55:09,643 DEBUG org.hibernate.id.factory.internal.DefaultIdentifierGeneratorFactory [main] Registering IdentifierGenerator strategy [uuid] -> [org.hibernate.id.UUIDHexGenerator]
2023-03-24 17:55:09,644 DEBUG org.hibernate.id.factory.internal.DefaultIdentifierGeneratorFactory [main] Registering IdentifierGenerator strategy [uuid.hex] -> [org.hibernate.id.UUIDHexGenerator]
2023-03-24 17:55:09,645 DEBUG org.hibernate.id.factory.internal.DefaultIdentifierGeneratorFactory [main] Registering IdentifierGenerator strategy [assigned] -> [org.hibernate.id.Assigned]
2023-03-24 17:55:09,647 DEBUG org.hibernate.id.factory.internal.DefaultIdentifierGeneratorFactory [main] Registering IdentifierGenerator strategy [identity] -> [org.hibernate.id.IdentityGenerator]
2023-03-24 17:55:09,648 DEBUG org.hibernate.id.factory.internal.DefaultIdentifierGeneratorFactory [main] Registering IdentifierGenerator strategy [select] -> [org.hibernate.id.SelectGenerator]
2023-03-24 17:55:09,649 DEBUG org.hibernate.id.factory.internal.DefaultIdentifierGeneratorFactory [main] Registering IdentifierGenerator strategy [sequence] -> [org.hibernate.id.enhanced.SequenceStyleGenerator]
2023-03-24 17:55:09,651 DEBUG org.hibernate.id.factory.internal.DefaultIdentifierGeneratorFactory [main] Registering IdentifierGenerator strategy [seqhilo] -> [org.hibernate.id.SequenceHiLoGenerator]
2023-03-24 17:55:09,653 DEBUG org.hibernate.id.factory.internal.DefaultIdentifierGeneratorFactory [main] Registering IdentifierGenerator strategy [increment] -> [org.hibernate.id.IncrementGenerator]
2023-03-24 17:55:09,654 DEBUG org.hibernate.id.factory.internal.DefaultIdentifierGeneratorFactory [main] Registering IdentifierGenerator strategy [foreign] -> [org.hibernate.id.ForeignGenerator]
2023-03-24 17:55:09,656 DEBUG org.hibernate.id.factory.internal.DefaultIdentifierGeneratorFactory [main] Registering IdentifierGenerator strategy [sequence-identity] -> [org.hibernate.id.SequenceIdentityGenerator]
2023-03-24 17:55:09,657 DEBUG org.hibernate.id.factory.internal.DefaultIdentifierGeneratorFactory [main] Registering IdentifierGenerator strategy [enhanced-sequence] -> [org.hibernate.id.enhanced.SequenceStyleGenerator]
2023-03-24 17:55:09,660 DEBUG org.hibernate.id.factory.internal.DefaultIdentifierGeneratorFactory [main] Registering IdentifierGenerator strategy [enhanced-table] -> [org.hibernate.id.enhanced.TableGenerator]
2023-03-24 17:55:09,680 INFO com.zaxxer.hikari.HikariDataSource [main] HikariPool-1 - Starting...
2023-03-24 17:55:10,087 INFO com.zaxxer.hikari.HikariDataSource [main] HikariPool-1 - Start completed.
2023-03-24 17:55:10,095 DEBUG org.hibernate.engine.jdbc.env.internal.JdbcEnvironmentInitiator [main] Database ->
       name : MySQL
    version : 5.5.5-10.4.27-MariaDB
      major : 5
      minor : 5
2023-03-24 17:55:10,096 DEBUG org.hibernate.engine.jdbc.env.internal.JdbcEnvironmentInitiator [main] Driver ->
       name : MySQL Connector/J
    version : mysql-connector-j-8.0.31 (Revision: 0c86fc148d567b62266c2302bdad0f1e7a7e4eba)
      major : 8
      minor : 0
2023-03-24 17:55:10,096 DEBUG org.jboss.logging.DelegatingBasicLogger [main] JDBC version : 4.2
2023-03-24 17:55:10,115 INFO org.hibernate.dialect.Dialect [main] HHH000400: Using dialect: org.hibernate.dialect.MySQL8Dialect
2023-03-24 17:55:10,136 DEBUG org.hibernate.engine.jdbc.env.spi.IdentifierHelperBuilder [main] JDBC driver metadata reported database stores quoted identifiers in more than one case
2023-03-24 17:55:10,138 DEBUG org.hibernate.engine.jdbc.env.spi.IdentifierHelperBuilder [main] IdentifierCaseStrategy for both quoted and unquoted identifiers was set to the same strategy [LOWER]; that will likely lead to problems in schema update and validation if using quoted identifiers
2023-03-24 17:55:10,168 DEBUG org.hibernate.type.spi.TypeConfiguration [main] Scoping TypeConfiguration [org.hibernate.type.spi.TypeConfiguration@1a21f43f] to MetadataBuildingContext [org.hibernate.boot.internal.MetadataBuildingContextRootImpl@7f0a133d]
2023-03-24 17:55:10,268 DEBUG org.hibernate.boot.model.relational.Namespace [main] Created database namespace [logicalName=Name{catalog=null, schema=null}, physicalName=Name{catalog=null, schema=null}]
2023-03-24 17:55:10,293 DEBUG org.hibernate.cfg.AnnotationBinder [main] Binding entity from annotated class: ma.mypfe.students.entities.StudentEntity
2023-03-24 17:55:10,342 DEBUG org.hibernate.cfg.Ejb3Column [main] Binding column: Ejb3DiscriminatorColumn{logicalColumnName'DTYPE', discriminatorTypeName='string'}
2023-03-24 17:55:10,355 DEBUG org.hibernate.cfg.annotations.EntityBinder [main] Import with entity name StudentEntity
2023-03-24 17:55:10,364 DEBUG org.hibernate.cfg.annotations.EntityBinder [main] Bind entity ma.mypfe.students.entities.StudentEntity on table student
2023-03-24 17:55:10,417 DEBUG org.hibernate.cfg.Ejb3Column [main] Binding column: Ejb3Column{table=org.hibernate.mapping.Table(student), mappingColumn=id, insertable=true, updatable=true, unique=false}
2023-03-24 17:55:10,420 DEBUG org.hibernate.boot.internal.ClassLoaderAccessImpl [main] Not known whether passed class name [ma.mypfe.students.entities.StudentEntity] is safe
2023-03-24 17:55:10,421 DEBUG org.hibernate.boot.internal.ClassLoaderAccessImpl [main] No temp ClassLoader provided; using live ClassLoader for loading potentially unsafe class : ma.mypfe.students.entities.StudentEntity
2023-03-24 17:55:10,422 DEBUG org.hibernate.cfg.annotations.PropertyBinder [main] MetadataSourceProcessor property id with lazy=false
2023-03-24 17:55:10,425 DEBUG org.hibernate.cfg.AbstractPropertyHolder [main] Attempting to locate auto-apply AttributeConverter for property [ma.mypfe.students.entities.StudentEntity:id]
2023-03-24 17:55:10,428 DEBUG org.hibernate.cfg.annotations.SimpleValueBinder [main] building SimpleValue for id
2023-03-24 17:55:10,432 DEBUG org.hibernate.cfg.annotations.PropertyBinder [main] Building property id
2023-03-24 17:55:10,436 DEBUG org.hibernate.cfg.BinderHelper [main] #makeIdGenerator(org.hibernate.mapping.SimpleValue([org.hibernate.mapping.Column(id)]), id, org.hibernate.id.enhanced.SequenceStyleGenerator, , ...)
2023-03-24 17:55:10,437 DEBUG org.hibernate.cfg.Ejb3Column [main] Binding column: Ejb3Column{table=org.hibernate.mapping.Table(student), mappingColumn=name, insertable=true, updatable=true, unique=false}
2023-03-24 17:55:10,437 DEBUG org.hibernate.cfg.annotations.PropertyBinder [main] MetadataSourceProcessor property name with lazy=false
2023-03-24 17:55:10,438 DEBUG org.hibernate.cfg.AbstractPropertyHolder [main] Attempting to locate auto-apply AttributeConverter for property [ma.mypfe.students.entities.StudentEntity:name]
2023-03-24 17:55:10,438 DEBUG org.hibernate.cfg.annotations.SimpleValueBinder [main] building SimpleValue for name
2023-03-24 17:55:10,438 DEBUG org.hibernate.cfg.annotations.PropertyBinder [main] Building property name
2023-03-24 17:55:10,447 DEBUG org.hibernate.cfg.annotations.SimpleValueBinder [main] Starting fillSimpleValue for id
2023-03-24 17:55:10,447 DEBUG org.hibernate.cfg.annotations.SimpleValueBinder [main] Starting fillSimpleValue for name
2023-03-24 17:55:10,450 DEBUG org.hibernate.mapping.PrimaryKey [main] Forcing column [id] to be non-null as it is part of the primary key for table [student]
2023-03-24 17:55:10,554 DEBUG org.hibernate.internal.SessionFactoryImpl [main] Building session factory
2023-03-24 17:55:10,556 DEBUG org.hibernate.cfg.Settings [main] SessionFactory name : null
2023-03-24 17:55:10,556 DEBUG org.hibernate.cfg.Settings [main] Automatic flush during beforeCompletion(): enabled
2023-03-24 17:55:10,557 DEBUG org.hibernate.cfg.Settings [main] Automatic session close at end of transaction: disabled
2023-03-24 17:55:10,557 DEBUG org.hibernate.cfg.Settings [main] Statistics: disabled
2023-03-24 17:55:10,557 DEBUG org.hibernate.cfg.Settings [main] Deleted entity synthetic identifier rollback: disabled
2023-03-24 17:55:10,557 DEBUG org.hibernate.cfg.Settings [main] Default entity-mode: pojo
2023-03-24 17:55:10,557 DEBUG org.hibernate.cfg.Settings [main] Check Nullability in Core (should be disabled when Bean Validation is on): enabled
2023-03-24 17:55:10,558 DEBUG org.hibernate.cfg.Settings [main] Allow initialization of lazy state outside session : disabled
2023-03-24 17:55:10,558 DEBUG org.hibernate.cfg.Settings [main] Using BatchFetchStyle : LEGACY
2023-03-24 17:55:10,558 DEBUG org.hibernate.cfg.Settings [main] Default batch fetch size: -1
2023-03-24 17:55:10,559 DEBUG org.hibernate.cfg.Settings [main] Maximum outer join fetch depth: 2
2023-03-24 17:55:10,559 DEBUG org.hibernate.cfg.Settings [main] Default null ordering: NONE
2023-03-24 17:55:10,559 DEBUG org.hibernate.cfg.Settings [main] Order SQL updates by primary key: disabled
2023-03-24 17:55:10,559 DEBUG org.hibernate.cfg.Settings [main] Order SQL inserts for batching: disabled
2023-03-24 17:55:10,559 DEBUG org.hibernate.cfg.Settings [main] multi-tenancy strategy : NONE
2023-03-24 17:55:10,560 DEBUG org.hibernate.cfg.Settings [main] JTA Track by Thread: enabled
2023-03-24 17:55:10,560 DEBUG org.hibernate.cfg.Settings [main] Query language substitutions: {}
2023-03-24 17:55:10,561 DEBUG org.hibernate.cfg.Settings [main] Named query checking : enabled
2023-03-24 17:55:10,561 DEBUG org.hibernate.cfg.Settings [main] Second-level cache: disabled
2023-03-24 17:55:10,561 DEBUG org.hibernate.cfg.Settings [main] Second-level query cache: disabled
2023-03-24 17:55:10,562 DEBUG org.hibernate.cfg.Settings [main] Second-level query cache factory: null
2023-03-24 17:55:10,562 DEBUG org.hibernate.cfg.Settings [main] Second-level cache region prefix: null
2023-03-24 17:55:10,563 DEBUG org.hibernate.cfg.Settings [main] Optimize second-level cache for minimal puts: disabled
2023-03-24 17:55:10,563 DEBUG org.hibernate.cfg.Settings [main] Structured second-level cache entries: disabled
2023-03-24 17:55:10,564 DEBUG org.hibernate.cfg.Settings [main] Second-level cache direct-reference entries: disabled
2023-03-24 17:55:10,565 DEBUG org.hibernate.cfg.Settings [main] Automatic eviction of collection cache: disabled
2023-03-24 17:55:10,565 DEBUG org.hibernate.cfg.Settings [main] JDBC batch size: 15
2023-03-24 17:55:10,566 DEBUG org.hibernate.cfg.Settings [main] JDBC batch updates for versioned data: enabled
2023-03-24 17:55:10,566 DEBUG org.hibernate.cfg.Settings [main] Scrollable result sets: enabled
2023-03-24 17:55:10,566 DEBUG org.hibernate.cfg.Settings [main] Wrap result sets: disabled
2023-03-24 17:55:10,566 DEBUG org.hibernate.cfg.Settings [main] JDBC3 getGeneratedKeys(): enabled
2023-03-24 17:55:10,566 DEBUG org.hibernate.cfg.Settings [main] JDBC result set fetch size: null
2023-03-24 17:55:10,567 DEBUG org.hibernate.cfg.Settings [main] Connection release mode: ON_CLOSE
2023-03-24 17:55:10,567 DEBUG org.hibernate.cfg.Settings [main] Generate SQL with comments: disabled
2023-03-24 17:55:10,567 DEBUG org.hibernate.cfg.Settings [main] JPA compliance - query : disabled
2023-03-24 17:55:10,567 DEBUG org.hibernate.cfg.Settings [main] JPA compliance - closed-handling : disabled
2023-03-24 17:55:10,567 DEBUG org.hibernate.cfg.Settings [main] JPA compliance - lists : disabled
2023-03-24 17:55:10,568 DEBUG org.hibernate.cfg.Settings [main] JPA compliance - transactions : disabled
2023-03-24 17:55:10,654 DEBUG org.hibernate.service.internal.SessionFactoryServiceRegistryImpl [main] EventListenerRegistry access via ServiceRegistry is deprecated.  Use `sessionFactory.getEventEngine().getListenerRegistry()` instead
2023-03-24 17:55:10,655 DEBUG org.hibernate.service.internal.SessionFactoryServiceRegistryImpl [main] EventListenerRegistry access via ServiceRegistry is deprecated.  Use `sessionFactory.getEventEngine().getListenerRegistry()` instead
2023-03-24 17:55:10,677 DEBUG org.hibernate.internal.SessionFactoryImpl [main] Session factory constructed with filter configurations : {}
2023-03-24 17:55:10,677 DEBUG org.hibernate.internal.SessionFactoryImpl [main] Instantiating session factory with properties: {sun.desktop=windows, awt.toolkit=sun.awt.windows.WToolkit, hibernate.id.new_generator_mappings=true, java.specification.version=1.8, file.encoding.pkg=sun.io, sun.cpu.isalist=amd64, hibernate.resource.beans.container=org.springframework.orm.hibernate5.SpringBeanContainer@4fb57fb3, hibernate.connection.handling_mode=DELAYED_ACQUISITION_AND_HOLD, sun.jnu.encoding=Cp1252, hibernate.dialect=org.hibernate.dialect.MySQL8Dialect, hibernate.implicit_naming_strategy=org.springframework.boot.orm.jpa.hibernate.SpringImplicitNamingStrategy, java.class.path=D:\java\jre\lib\charsets.jar;D:\java\jre\lib\deploy.jar;D:\java\jre\lib\ext\access-bridge-64.jar;D:\java\jre\lib\ext\cldrdata.jar;D:\java\jre\lib\ext\dnsns.jar;D:\java\jre\lib\ext\jaccess.jar;D:\java\jre\lib\ext\jfxrt.jar;D:\java\jre\lib\ext\localedata.jar;D:\java\jre\lib\ext\nashorn.jar;D:\java\jre\lib\ext\sunec.jar;D:\java\jre\lib\ext\sunjce_provider.jar;D:\java\jre\lib\ext\sunmscapi.jar;D:\java\jre\lib\ext\sunpkcs11.jar;D:\java\jre\lib\ext\zipfs.jar;D:\java\jre\lib\javaws.jar;D:\java\jre\lib\jce.jar;D:\java\jre\lib\jfr.jar;D:\java\jre\lib\jfxswt.jar;D:\java\jre\lib\jsse.jar;D:\java\jre\lib\management-agent.jar;D:\java\jre\lib\plugin.jar;D:\java\jre\lib\resources.jar;D:\java\jre\lib\rt.jar;D:\JAVA CIGMA\MyPFE\target\classes;C:\Users\Ayman\.m2\repository\org\springframework\boot\spring-boot-starter-web\2.7.7\spring-boot-starter-web-2.7.7.jar;C:\Users\Ayman\.m2\repository\org\springframework\boot\spring-boot-starter\2.7.7\spring-boot-starter-2.7.7.jar;C:\Users\Ayman\.m2\repository\org\springframework\boot\spring-boot\2.7.7\spring-boot-2.7.7.jar;C:\Users\Ayman\.m2\repository\org\springframework\boot\spring-boot-autoconfigure\2.7.7\spring-boot-autoconfigure-2.7.7.jar;C:\Users\Ayman\.m2\repository\org\springframework\boot\spring-boot-starter-logging\2.7.7\spring-boot-starter-logging-2.7.7.jar;C:\Users\Ayman\.m2\repository\ch\qos\logback\logback-classic\1.2.11\logback-classic-1.2.11.jar;C:\Users\Ayman\.m2\repository\ch\qos\logback\logback-core\1.2.11\logback-core-1.2.11.jar;C:\Users\Ayman\.m2\repository\org\apache\logging\log4j\log4j-to-slf4j\2.17.2\log4j-to-slf4j-2.17.2.jar;C:\Users\Ayman\.m2\repository\org\apache\logging\log4j\log4j-api\2.17.2\log4j-api-2.17.2.jar;C:\Users\Ayman\.m2\repository\org\slf4j\jul-to-slf4j\1.7.36\jul-to-slf4j-1.7.36.jar;C:\Users\Ayman\.m2\repository\jakarta\annotation\jakarta.annotation-api\1.3.5\jakarta.annotation-api-1.3.5.jar;C:\Users\Ayman\.m2\repository\org\springframework\spring-core\5.3.24\spring-core-5.3.24.jar;C:\Users\Ayman\.m2\repository\org\springframework\spring-jcl\5.3.24\spring-jcl-5.3.24.jar;C:\Users\Ayman\.m2\repository\org\yaml\snakeyaml\1.30\snakeyaml-1.30.jar;C:\Users\Ayman\.m2\repository\org\springframework\boot\spring-boot-starter-json\2.7.7\spring-boot-starter-json-2.7.7.jar;C:\Users\Ayman\.m2\repository\com\fasterxml\jackson\core\jackson-databind\2.13.4.2\jackson-databind-2.13.4.2.jar;C:\Users\Ayman\.m2\repository\com\fasterxml\jackson\core\jackson-annotations\2.13.4\jackson-annotations-2.13.4.jar;C:\Users\Ayman\.m2\repository\com\fasterxml\jackson\core\jackson-core\2.13.4\jackson-core-2.13.4.jar;C:\Users\Ayman\.m2\repository\com\fasterxml\jackson\datatype\jackson-datatype-jdk8\2.13.4\jackson-datatype-jdk8-2.13.4.jar;C:\Users\Ayman\.m2\repository\com\fasterxml\jackson\datatype\jackson-datatype-jsr310\2.13.4\jackson-datatype-jsr310-2.13.4.jar;C:\Users\Ayman\.m2\repository\com\fasterxml\jackson\module\jackson-module-parameter-names\2.13.4\jackson-module-parameter-names-2.13.4.jar;C:\Users\Ayman\.m2\repository\org\springframework\boot\spring-boot-starter-tomcat\2.7.7\spring-boot-starter-tomcat-2.7.7.jar;C:\Users\Ayman\.m2\repository\org\apache\tomcat\embed\tomcat-embed-core\9.0.70\tomcat-embed-core-9.0.70.jar;C:\Users\Ayman\.m2\repository\org\apache\tomcat\embed\tomcat-embed-el\9.0.70\tomcat-embed-el-9.0.70.jar;C:\Users\Ayman\.m2\repository\org\apache\tomcat\embed\tomcat-embed-websocket\9.0.70\tomcat-embed-websocket-9.0.70.jar;C:\Users\Ayman\.m2\repository\org\springframework\spring-web\5.3.24\spring-web-5.3.24.jar;C:\Users\Ayman\.m2\repository\org\springframework\spring-beans\5.3.24\spring-beans-5.3.24.jar;C:\Users\Ayman\.m2\repository\org\springframework\spring-webmvc\5.3.24\spring-webmvc-5.3.24.jar;C:\Users\Ayman\.m2\repository\org\springframework\spring-aop\5.3.24\spring-aop-5.3.24.jar;C:\Users\Ayman\.m2\repository\org\springframework\spring-context\5.3.24\spring-context-5.3.24.jar;C:\Users\Ayman\.m2\repository\org\springframework\spring-expression\5.3.24\spring-expression-5.3.24.jar;C:\Users\Ayman\.m2\repository\com\mysql\mysql-connector-j\8.0.31\mysql-connector-j-8.0.31.jar;C:\Users\Ayman\.m2\repository\org\springframework\boot\spring-boot-starter-data-jpa\2.7.7\spring-boot-starter-data-jpa-2.7.7.jar;C:\Users\Ayman\.m2\repository\org\springframework\boot\spring-boot-starter-aop\2.7.7\spring-boot-starter-aop-2.7.7.jar;C:\Users\Ayman\.m2\repository\org\aspectj\aspectjweaver\1.9.7\aspectjweaver-1.9.7.jar;C:\Users\Ayman\.m2\repository\org\springframework\boot\spring-boot-starter-jdbc\2.7.7\spring-boot-starter-jdbc-2.7.7.jar;C:\Users\Ayman\.m2\repository\com\zaxxer\HikariCP\4.0.3\HikariCP-4.0.3.jar;C:\Users\Ayman\.m2\repository\org\springframework\spring-jdbc\5.3.24\spring-jdbc-5.3.24.jar;C:\Users\Ayman\.m2\repository\jakarta\transaction\jakarta.transaction-api\1.3.3\jakarta.transaction-api-1.3.3.jar;C:\Users\Ayman\.m2\repository\jakarta\persistence\jakarta.persistence-api\2.2.3\jakarta.persistence-api-2.2.3.jar;C:\Users\Ayman\.m2\repository\org\hibernate\hibernate-core\5.6.14.Final\hibernate-core-5.6.14.Final.jar;C:\Users\Ayman\.m2\repository\org\jboss\logging\jboss-logging\3.4.3.Final\jboss-logging-3.4.3.Final.jar;C:\Users\Ayman\.m2\repository\net\bytebuddy\byte-buddy\1.12.20\byte-buddy-1.12.20.jar;C:\Users\Ayman\.m2\repository\antlr\antlr\2.7.7\antlr-2.7.7.jar;C:\Users\Ayman\.m2\repository\org\jboss\jandex\2.4.2.Final\jandex-2.4.2.Final.jar;C:\Users\Ayman\.m2\repository\org\hibernate\common\hibernate-commons-annotations\5.1.2.Final\hibernate-commons-annotations-5.1.2.Final.jar;C:\Users\Ayman\.m2\repository\org\glassfish\jaxb\jaxb-runtime\2.3.7\jaxb-runtime-2.3.7.jar;C:\Users\Ayman\.m2\repository\jakarta\xml\bind\jakarta.xml.bind-api\2.3.3\jakarta.xml.bind-api-2.3.3.jar;C:\Users\Ayman\.m2\repository\org\glassfish\jaxb\txw2\2.3.7\txw2-2.3.7.jar;C:\Users\Ayman\.m2\repository\com\sun\istack\istack-commons-runtime\3.0.12\istack-commons-runtime-3.0.12.jar;C:\Users\Ayman\.m2\repository\com\sun\activation\jakarta.activation\1.2.2\jakarta.activation-1.2.2.jar;C:\Users\Ayman\.m2\repository\org\springframework\data\spring-data-jpa\2.7.6\spring-data-jpa-2.7.6.jar;C:\Users\Ayman\.m2\repository\org\springframework\data\spring-data-commons\2.7.6\spring-data-commons-2.7.6.jar;C:\Users\Ayman\.m2\repository\org\springframework\spring-orm\5.3.24\spring-orm-5.3.24.jar;C:\Users\Ayman\.m2\repository\org\springframework\spring-tx\5.3.24\spring-tx-5.3.24.jar;C:\Users\Ayman\.m2\repository\org\springframework\spring-aspects\5.3.24\spring-aspects-5.3.24.jar;C:\Users\Ayman\.m2\repository\io\springfox\springfox-boot-starter\3.0.0\springfox-boot-starter-3.0.0.jar;C:\Users\Ayman\.m2\repository\io\springfox\springfox-oas\3.0.0\springfox-oas-3.0.0.jar;C:\Users\Ayman\.m2\repository\io\swagger\core\v3\swagger-annotations\2.1.2\swagger-annotations-2.1.2.jar;C:\Users\Ayman\.m2\repository\io\swagger\core\v3\swagger-models\2.1.2\swagger-models-2.1.2.jar;C:\Users\Ayman\.m2\repository\io\springfox\springfox-spi\3.0.0\springfox-spi-3.0.0.jar;C:\Users\Ayman\.m2\repository\io\springfox\springfox-schema\3.0.0\springfox-schema-3.0.0.jar;C:\Users\Ayman\.m2\repository\io\springfox\springfox-core\3.0.0\springfox-core-3.0.0.jar;C:\Users\Ayman\.m2\repository\io\springfox\springfox-spring-web\3.0.0\springfox-spring-web-3.0.0.jar;C:\Users\Ayman\.m2\repository\io\github\classgraph\classgraph\4.8.83\classgraph-4.8.83.jar;C:\Users\Ayman\.m2\repository\io\springfox\springfox-spring-webflux\3.0.0\springfox-spring-webflux-3.0.0.jar;C:\Users\Ayman\.m2\repository\io\springfox\springfox-swagger-common\3.0.0\springfox-swagger-common-3.0.0.jar;C:\Users\Ayman\.m2\repository\org\mapstruct\mapstruct\1.3.1.Final\mapstruct-1.3.1.Final.jar;C:\Users\Ayman\.m2\repository\io\springfox\springfox-data-rest\3.0.0\springfox-data-rest-3.0.0.jar;C:\Users\Ayman\.m2\repository\io\springfox\springfox-bean-validators\3.0.0\springfox-bean-validators-3.0.0.jar;C:\Users\Ayman\.m2\repository\io\springfox\springfox-swagger2\3.0.0\springfox-swagger2-3.0.0.jar;C:\Users\Ayman\.m2\repository\io\swagger\swagger-annotations\1.5.20\swagger-annotations-1.5.20.jar;C:\Users\Ayman\.m2\repository\io\swagger\swagger-models\1.5.20\swagger-models-1.5.20.jar;C:\Users\Ayman\.m2\repository\com\fasterxml\classmate\1.5.1\classmate-1.5.1.jar;C:\Users\Ayman\.m2\repository\org\slf4j\slf4j-api\1.7.36\slf4j-api-1.7.36.jar;C:\Users\Ayman\.m2\repository\org\springframework\plugin\spring-plugin-core\2.0.0.RELEASE\spring-plugin-core-2.0.0.RELEASE.jar;C:\Users\Ayman\.m2\repository\org\springframework\plugin\spring-plugin-metadata\2.0.0.RELEASE\spring-plugin-metadata-2.0.0.RELEASE.jar;C:\Users\Ayman\.m2\repository\io\springfox\springfox-swagger-ui\3.0.0\springfox-swagger-ui-3.0.0.jar;C:\Users\Ayman\.m2\repository\io\springfox\springfox-spring-webmvc\3.0.0\springfox-spring-webmvc-3.0.0.jar;D:\IntelliJ IDEA Community Edition 2022.3.1\lib\idea_rt.jar, java.vm.vendor=Oracle Corporation, sun.arch.data.model=64, user.variant=, java.vendor.url=http://java.oracle.com/, catalina.useNaming=false, user.timezone=Africa/Casablanca, jakarta.persistence.sharedCache.mode=UNSPECIFIED, os.name=Windows 10, java.vm.specification.version=1.8, javax.persistence.validation.mode=AUTO, jakarta.persistence.nonJtaDataSource=HikariDataSource (HikariPool-1), user.country=FR, sun.java.launcher=SUN_STANDARD, sun.boot.library.path=D:\Java\jre\bin, sun.java.command=ma.mypfe.students.MyPfeApplication, javax.persistence.nonJtaDataSource=HikariDataSource (HikariPool-1), hibernate.transaction.jta.platform=org.hibernate.engine.transaction.jta.platform.internal.NoJtaPlatform@6b063470, javax.persistence.sharedCache.mode=UNSPECIFIED, sun.cpu.endian=little, user.home=C:\Users\Ayman, user.language=fr, java.specification.vendor=Oracle Corporation, java.home=D:\Java\jre, file.separator=\, line.separator=
, hibernate.persistenceUnitName=default, java.vm.specification.vendor=Oracle Corporation, java.specification.name=Java Platform API Specification, FILE_LOG_CHARSET=UTF-8, hibernate.transaction.coordinator_class=class org.hibernate.resource.transaction.backend.jdbc.internal.JdbcResourceLocalTransactionCoordinatorBuilderImpl, java.awt.graphicsenv=sun.awt.Win32GraphicsEnvironment, java.awt.headless=true, jakarta.persistence.validation.mode=AUTO, sun.boot.class.path=D:\Java\jre\lib\resources.jar;D:\Java\jre\lib\rt.jar;D:\Java\jre\lib\jsse.jar;D:\Java\jre\lib\jce.jar;D:\Java\jre\lib\charsets.jar;D:\Java\jre\lib\jfr.jar;D:\Java\jre\classes, hibernate.hbm2ddl.auto=update, user.script=, sun.management.compiler=HotSpot 64-Bit Tiered Compilers, java.runtime.version=1.8.0_351-b10, user.name=Ayman, path.separator=;, os.version=10.0, java.endorsed.dirs=D:\Java\jre\lib\endorsed, java.runtime.name=Java(TM) SE Runtime Environment, file.encoding=UTF-8, hibernate.ejb.persistenceUnitName=default, spring.beaninfo.ignore=true, java.vm.name=Java HotSpot(TM) 64-Bit Server VM, hibernate.show_sql=true, java.vendor.url.bug=http://bugreport.sun.com/bugreport/, java.io.tmpdir=C:\Users\Ayman\AppData\Local\Temp\, catalina.home=C:\Users\Ayman\AppData\Local\Temp\tomcat.8092.2227420436435665755, java.version=1.8.0_351, hibernate.physical_naming_strategy=org.hibernate.boot.model.naming.CamelCaseToUnderscoresNamingStrategy, user.dir=D:\JAVA CIGMA\MyPFE, os.arch=amd64, java.vm.specification.name=Java Virtual Machine Specification, PID=14880, java.awt.printerjob=sun.awt.windows.WPrinterJob, sun.os.patch.level=, CONSOLE_LOG_CHARSET=UTF-8, catalina.base=C:\Users\Ayman\AppData\Local\Temp\tomcat.8092.2227420436435665755, hibernate.boot.CfgXmlAccessService.key=org.hibernate.boot.registry.StandardServiceRegistryBuilder$1@226d5af0, java.library.path=D:\Java\bin;C:\Windows\Sun\Java\bin;C:\Windows\system32;C:\Windows;D:\java\bin;C:\Program Files (x86)\Common Files\Oracle\Java\javapath;C:\oraclexe\app\oracle\product\11.2.0\server\bin;C:\Windows\system32;C:\Windows;C:\Windows\System32\Wbem;C:\Windows\System32\WindowsPowerShell\v1.0\;C:\Windows\System32\OpenSSH\;D:\Microsoft VS Code\bin;C:\Program Files (x86)\dotnet\;D:\apache-maven-3.8.7-bin\apache-maven-3.8.7\bin;D:\Git\cmd;D:\nodeJs\;C:\Users\Ayman\AppData\Local\Microsoft\WindowsApps;;D:\IntelliJ IDEA Community Edition 2022.3.1\bin;;C:\Users\Ayman\AppData\Roaming\npm;., java.vendor=Oracle Corporation, java.vm.info=mixed mode, java.vm.version=25.351-b10, java.specification.maintenance.version=4, hibernate.bytecode.use_reflection_optimizer=false, sun.io.unicode.encoding=UnicodeLittle, hibernate.archive.scanner=org.hibernate.boot.archive.scan.internal.DisabledScanner, java.ext.dirs=D:\Java\jre\lib\ext;C:\Windows\Sun\Java\lib\ext, hibernate.connection.datasource=HikariDataSource (HikariPool-1), java.class.version=52.0}
2023-03-24 17:55:10,709 DEBUG org.hibernate.secure.spi.JaccIntegrator [main] Skipping JACC integration as it was not enabled
2023-03-24 17:55:10,714 DEBUG org.hibernate.internal.SessionFactoryImpl [main] Instantiated session factory
2023-03-24 17:55:10,715 DEBUG org.hibernate.type.spi.TypeConfiguration [main] Scoping TypeConfiguration [org.hibernate.type.spi.TypeConfiguration@1a21f43f] to SessionFactoryImpl [org.hibernate.internal.SessionFactoryImpl@20cff21e]
2023-03-24 17:55:10,884 DEBUG org.hibernate.boot.internal.ClassLoaderAccessImpl [main] Not known whether passed class name [ma.mypfe.students.entities.StudentEntity] is safe
2023-03-24 17:55:10,885 DEBUG org.hibernate.boot.internal.ClassLoaderAccessImpl [main] No temp ClassLoader provided; using live ClassLoader for loading potentially unsafe class : ma.mypfe.students.entities.StudentEntity
2023-03-24 17:55:11,358 DEBUG org.hibernate.persister.entity.AbstractEntityPersister [main] Static SQL for entity: ma.mypfe.students.entities.StudentEntity
2023-03-24 17:55:11,359 DEBUG org.hibernate.persister.entity.AbstractEntityPersister [main]  Version select: select id from student where id =?
2023-03-24 17:55:11,360 DEBUG org.hibernate.persister.entity.AbstractEntityPersister [main]  Snapshot select: select studentent_.id, studentent_.name as name2_0_ from student studentent_ where studentent_.id=?
2023-03-24 17:55:11,360 DEBUG org.jboss.logging.DelegatingBasicLogger [main]  Insert 0: insert into student (name, id) values (?, ?)
2023-03-24 17:55:11,361 DEBUG org.jboss.logging.DelegatingBasicLogger [main]  Update 0: update student set name=? where id=?
2023-03-24 17:55:11,361 DEBUG org.jboss.logging.DelegatingBasicLogger [main]  Delete 0: delete from student where id=?
2023-03-24 17:55:11,442 DEBUG org.hibernate.loader.plan.build.internal.spaces.QuerySpacesImpl [main] Adding QuerySpace : uid = <gen:0> -> org.hibernate.loader.plan.build.internal.spaces.EntityQuerySpaceImpl@68e47e7]
2023-03-24 17:55:11,446 DEBUG org.hibernate.persister.walking.spi.MetamodelGraphWalker [main] Visiting attribute path : name
2023-03-24 17:55:11,447 DEBUG org.hibernate.loader.plan.build.internal.FetchStyleLoadPlanBuildingAssociationVisitationStrategy [main] Building LoadPlan...
2023-03-24 17:55:11,472 DEBUG org.hibernate.loader.plan.exec.internal.LoadQueryJoinAndFetchProcessor [main] processing queryspace <gen:0>
2023-03-24 17:55:11,482 DEBUG org.hibernate.loader.plan.build.spi.LoadPlanTreePrinter [main] LoadPlan(entity=ma.mypfe.students.entities.StudentEntity)
    - Returns
       - EntityReturnImpl(entity=ma.mypfe.students.entities.StudentEntity, querySpaceUid=<gen:0>, path=ma.mypfe.students.entities.StudentEntity)
    - QuerySpaces
       - EntityQuerySpaceImpl(uid=<gen:0>, entity=ma.mypfe.students.entities.StudentEntity)
          - SQL table alias mapping - studentent0_
          - alias suffix - 0_
          - suffixed key columns - {id1_0_0_}

2023-03-24 17:55:11,486 DEBUG org.hibernate.loader.entity.plan.EntityLoader [main] Static select for entity ma.mypfe.students.entities.StudentEntity [NONE]: select studentent0_.id as id1_0_0_, studentent0_.name as name2_0_0_ from student studentent0_ where studentent0_.id=?
2023-03-24 17:55:11,721 DEBUG org.hibernate.mapping.Table [main] No alter strings for table : hibernate_sequence
2023-03-24 17:55:11,723 DEBUG org.hibernate.mapping.Table [main] No alter strings for table : student
2023-03-24 17:55:11,726 INFO org.hibernate.engine.transaction.jta.platform.internal.JtaPlatformInitiator [main] HHH000490: Using JtaPlatform implementation: [org.hibernate.engine.transaction.jta.platform.internal.NoJtaPlatform]
2023-03-24 17:55:11,729 DEBUG org.hibernate.query.spi.NamedQueryRepository [main] Checking 0 named HQL queries
2023-03-24 17:55:11,730 DEBUG org.hibernate.query.spi.NamedQueryRepository [main] Checking 0 named SQL queries
2023-03-24 17:55:11,737 DEBUG org.hibernate.service.internal.SessionFactoryServiceRegistryImpl [main] EventListenerRegistry access via ServiceRegistry is deprecated.  Use `sessionFactory.getEventEngine().getListenerRegistry()` instead
2023-03-24 17:55:11,748 DEBUG org.hibernate.internal.SessionFactoryRegistry [main] Initializing SessionFactoryRegistry : org.hibernate.internal.SessionFactoryRegistry@7910f355
2023-03-24 17:55:11,748 DEBUG org.hibernate.internal.SessionFactoryRegistry [main] Registering SessionFactory: c63bd55a-f5d8-41e0-8620-a3da7b2aa5ce (<unnamed>)
2023-03-24 17:55:11,749 DEBUG org.hibernate.internal.SessionFactoryRegistry [main] Not binding SessionFactory to JNDI, no JNDI name configured
2023-03-24 17:55:11,749 INFO org.springframework.orm.jpa.AbstractEntityManagerFactoryBean [main] Initialized JPA EntityManagerFactory for persistence unit 'default'
2023-03-24 17:55:12,103 DEBUG org.hibernate.stat.internal.StatisticsInitiator [main] Statistics initialized [enabled=false]
2023-03-24 17:55:12,828 WARN org.springframework.boot.autoconfigure.orm.jpa.JpaBaseConfiguration$JpaWebConfiguration [main] spring.jpa.open-in-view is enabled by default. Therefore, database queries may be performed during view rendering. Explicitly configure spring.jpa.open-in-view to disable this warning
2023-03-24 17:55:13,162 DEBUG org.springframework.web.servlet.handler.AbstractHandlerMethodMapping [main] 11 mappings in 'requestMappingHandlerMapping'
2023-03-24 17:55:13,552 DEBUG org.springframework.web.servlet.mvc.method.annotation.RequestMappingHandlerAdapter [main] ControllerAdvice beans: 0 @ModelAttribute, 0 @InitBinder, 1 RequestBodyAdvice, 1 ResponseBodyAdvice
2023-03-24 17:55:13,638 DEBUG org.springframework.web.servlet.handler.SimpleUrlHandlerMapping [main] Patterns [/swagger-ui/] in 'viewControllerHandlerMapping'
2023-03-24 17:55:13,671 DEBUG org.springframework.web.servlet.handler.SimpleUrlHandlerMapping [main] Patterns [/webjars/**, /**, /swagger-ui/**] in 'resourceHandlerMapping'
2023-03-24 17:55:13,684 DEBUG org.springframework.web.servlet.mvc.method.annotation.ExceptionHandlerExceptionResolver [main] ControllerAdvice beans: 0 @ExceptionHandler, 1 ResponseBodyAdvice
2023-03-24 17:55:13,880 INFO org.apache.juli.logging.DirectJDKLog [main] Starting ProtocolHandler ["http-nio-8092"]
2023-03-24 17:55:13,925 INFO org.springframework.boot.web.embedded.tomcat.TomcatWebServer [main] Tomcat started on port(s): 8092 (http) with context path ''
2023-03-24 17:55:14,429 INFO org.springframework.boot.StartupInfoLogger [main] Started MyPfeApplication in 10.878 seconds (JVM running for 12.683)
2023-03-24 17:55:14,436 INFO ma.mypfe.students.MyPfeApplication [main] Access URLs:
----------------------------------------------------------
	Local: 		http://127.0.0.1:8092/swagger-ui/#/
	External: 	http://192.168.1.104:8092/swagger-ui/#/
----------------------------------------------------------
2023-03-24 17:55:55,500 INFO org.springframework.orm.jpa.AbstractEntityManagerFactoryBean [SpringApplicationShutdownHook] Closing JPA EntityManagerFactory for persistence unit 'default'
2023-03-24 17:55:55,500 DEBUG org.hibernate.internal.SessionFactoryImpl [SpringApplicationShutdownHook] HHH000031: Closing
2023-03-24 17:55:55,501 DEBUG org.hibernate.type.spi.TypeConfiguration$Scope [SpringApplicationShutdownHook] Un-scoping TypeConfiguration [org.hibernate.type.spi.TypeConfiguration$Scope@340cbea1] from SessionFactory [org.hibernate.internal.SessionFactoryImpl@20cff21e]
2023-03-24 17:55:55,501 DEBUG org.hibernate.service.internal.AbstractServiceRegistryImpl [SpringApplicationShutdownHook] Implicitly destroying ServiceRegistry on de-registration of all child ServiceRegistries
2023-03-24 17:55:55,503 DEBUG org.hibernate.boot.registry.internal.BootstrapServiceRegistryImpl [SpringApplicationShutdownHook] Implicitly destroying Boot-strap registry on de-registration of all child ServiceRegistries
2023-03-24 17:55:55,505 INFO com.zaxxer.hikari.HikariDataSource [SpringApplicationShutdownHook] HikariPool-1 - Shutdown initiated...
2023-03-24 17:55:55,531 INFO com.zaxxer.hikari.HikariDataSource [SpringApplicationShutdownHook] HikariPool-1 - Shutdown completed.
2023-03-24 17:56:00,872 INFO org.springframework.boot.StartupInfoLogger [main] Starting MyPfeApplication using Java 1.8.0_351 on LAPTOP-MHAL7KCU with PID 19956 (D:\JAVA CIGMA\MyPFE\target\classes started by Ayman in D:\JAVA CIGMA\MyPFE)
2023-03-24 17:56:00,878 DEBUG org.springframework.boot.StartupInfoLogger [main] Running with Spring Boot v2.7.7, Spring v5.3.24
2023-03-24 17:56:00,879 INFO org.springframework.boot.SpringApplication [main] The following 1 profile is active: "dev"
2023-03-24 17:56:02,441 INFO org.springframework.data.repository.config.RepositoryConfigurationDelegate [main] Bootstrapping Spring Data JPA repositories in DEFAULT mode.
2023-03-24 17:56:02,544 INFO org.springframework.data.repository.config.RepositoryConfigurationDelegate [main] Finished Spring Data repository scanning in 80 ms. Found 1 JPA repository interfaces.
2023-03-24 17:56:03,984 INFO org.springframework.boot.web.embedded.tomcat.TomcatWebServer [main] Tomcat initialized with port(s): 8092 (http)
2023-03-24 17:56:04,002 INFO org.apache.juli.logging.DirectJDKLog [main] Initializing ProtocolHandler ["http-nio-8092"]
2023-03-24 17:56:04,003 INFO org.apache.juli.logging.DirectJDKLog [main] Starting service [Tomcat]
2023-03-24 17:56:04,003 INFO org.apache.juli.logging.DirectJDKLog [main] Starting Servlet engine: [Apache Tomcat/9.0.70]
2023-03-24 17:56:04,416 INFO org.apache.juli.logging.DirectJDKLog [main] Initializing Spring embedded WebApplicationContext
2023-03-24 17:56:04,417 INFO org.springframework.boot.web.servlet.context.ServletWebServerApplicationContext [main] Root WebApplicationContext: initialization completed in 3444 ms
2023-03-24 17:56:04,741 INFO org.hibernate.jpa.internal.util.LogHelper [main] HHH000204: Processing PersistenceUnitInfo [name: default]
2023-03-24 17:56:04,837 INFO org.hibernate.Version [main] HHH000412: Hibernate ORM core version 5.6.14.Final
2023-03-24 17:56:05,141 INFO org.hibernate.annotations.common.reflection.java.JavaReflectionManager [main] HCANN000001: Hibernate Commons Annotations {5.1.2.Final}
2023-03-24 17:56:05,336 INFO com.zaxxer.hikari.HikariDataSource [main] HikariPool-1 - Starting...
2023-03-24 17:56:05,658 INFO com.zaxxer.hikari.HikariDataSource [main] HikariPool-1 - Start completed.
2023-03-24 17:56:05,688 INFO org.hibernate.dialect.Dialect [main] HHH000400: Using dialect: org.hibernate.dialect.MySQL8Dialect
2023-03-24 17:56:06,860 INFO org.hibernate.engine.transaction.jta.platform.internal.JtaPlatformInitiator [main] HHH000490: Using JtaPlatform implementation: [org.hibernate.engine.transaction.jta.platform.internal.NoJtaPlatform]
2023-03-24 17:56:06,877 INFO org.springframework.orm.jpa.AbstractEntityManagerFactoryBean [main] Initialized JPA EntityManagerFactory for persistence unit 'default'
2023-03-24 17:56:07,808 WARN org.springframework.boot.autoconfigure.orm.jpa.JpaBaseConfiguration$JpaWebConfiguration [main] spring.jpa.open-in-view is enabled by default. Therefore, database queries may be performed during view rendering. Explicitly configure spring.jpa.open-in-view to disable this warning
2023-03-24 17:56:07,976 DEBUG org.springframework.web.servlet.handler.AbstractHandlerMethodMapping [main] 11 mappings in 'requestMappingHandlerMapping'
2023-03-24 17:56:08,514 DEBUG org.springframework.web.servlet.mvc.method.annotation.RequestMappingHandlerAdapter [main] ControllerAdvice beans: 0 @ModelAttribute, 0 @InitBinder, 1 RequestBodyAdvice, 1 ResponseBodyAdvice
2023-03-24 17:56:08,594 DEBUG org.springframework.web.servlet.handler.SimpleUrlHandlerMapping [main] Patterns [/swagger-ui/] in 'viewControllerHandlerMapping'
2023-03-24 17:56:08,629 DEBUG org.springframework.web.servlet.handler.SimpleUrlHandlerMapping [main] Patterns [/webjars/**, /**, /swagger-ui/**] in 'resourceHandlerMapping'
2023-03-24 17:56:08,645 DEBUG org.springframework.web.servlet.mvc.method.annotation.ExceptionHandlerExceptionResolver [main] ControllerAdvice beans: 0 @ExceptionHandler, 1 ResponseBodyAdvice
2023-03-24 17:56:08,847 INFO org.apache.juli.logging.DirectJDKLog [main] Starting ProtocolHandler ["http-nio-8092"]
2023-03-24 17:56:08,890 INFO org.springframework.boot.web.embedded.tomcat.TomcatWebServer [main] Tomcat started on port(s): 8092 (http) with context path ''
2023-03-24 17:56:09,315 INFO org.springframework.boot.StartupInfoLogger [main] Started MyPfeApplication in 9.315 seconds (JVM running for 10.591)
2023-03-24 17:56:09,324 INFO ma.mypfe.students.MyPfeApplication [main] Access URLs:
----------------------------------------------------------
	Local: 		http://127.0.0.1:8092/swagger-ui/#/
	External: 	http://192.168.1.104:8092/swagger-ui/#/
----------------------------------------------------------
2023-03-24 17:56:48,288 INFO org.apache.juli.logging.DirectJDKLog [http-nio-8092-exec-1] Initializing Spring DispatcherServlet 'dispatcherServlet'
2023-03-24 17:56:48,289 INFO org.springframework.web.servlet.FrameworkServlet [http-nio-8092-exec-1] Initializing Servlet 'dispatcherServlet'
2023-03-24 17:56:48,290 DEBUG org.springframework.web.servlet.DispatcherServlet [http-nio-8092-exec-1] Detected StandardServletMultipartResolver
2023-03-24 17:56:48,290 DEBUG org.springframework.web.servlet.DispatcherServlet [http-nio-8092-exec-1] Detected AcceptHeaderLocaleResolver
2023-03-24 17:56:48,291 DEBUG org.springframework.web.servlet.DispatcherServlet [http-nio-8092-exec-1] Detected FixedThemeResolver
2023-03-24 17:56:48,293 DEBUG org.springframework.web.servlet.DispatcherServlet [http-nio-8092-exec-1] Detected org.springframework.web.servlet.view.DefaultRequestToViewNameTranslator@65015a49
2023-03-24 17:56:48,294 DEBUG org.springframework.web.servlet.DispatcherServlet [http-nio-8092-exec-1] Detected org.springframework.web.servlet.support.SessionFlashMapManager@4e10a320
2023-03-24 17:56:48,294 DEBUG org.springframework.web.servlet.FrameworkServlet [http-nio-8092-exec-1] enableLoggingRequestDetails='false': request parameters and headers will be masked to prevent unsafe logging of potentially sensitive data
2023-03-24 17:56:48,294 INFO org.springframework.web.servlet.FrameworkServlet [http-nio-8092-exec-1] Completed initialization in 5 ms
2023-03-24 17:56:48,312 DEBUG org.springframework.core.log.LogFormatUtils [http-nio-8092-exec-1] GET "/api/v1/student/all", parameters={}
2023-03-24 17:56:48,321 DEBUG org.springframework.web.servlet.handler.AbstractHandlerMapping [http-nio-8092-exec-1] Mapped to ma.mypfe.students.controllers.StudentController#selectAll()
2023-03-24 17:56:48,345 DEBUG ma.mypfe.students.controllers.StudentController [http-nio-8092-exec-1] start selectAll methode
2023-03-24 17:56:48,345 DEBUG ma.mypfe.students.services.StudentServiceImpl [http-nio-8092-exec-1] start selectAll methode
2023-03-24 17:56:48,752 DEBUG org.springframework.web.servlet.mvc.method.annotation.AbstractMessageConverterMethodProcessor [http-nio-8092-exec-1] Using 'application/json', given [*/*] and supported [application/json, application/*+json, application/json, application/*+json]
2023-03-24 17:56:48,756 DEBUG org.springframework.core.log.LogFormatUtils [http-nio-8092-exec-1] Writing [[]]
2023-03-24 17:56:48,806 DEBUG org.springframework.web.servlet.FrameworkServlet [http-nio-8092-exec-1] Completed 200 OK
2023-03-24 17:57:22,243 DEBUG org.springframework.core.log.LogFormatUtils [http-nio-8092-exec-3] POST "/api/v1/student/add", parameters={}
2023-03-24 17:57:22,244 DEBUG org.springframework.web.servlet.handler.AbstractHandlerMapping [http-nio-8092-exec-3] Mapped to ma.mypfe.students.controllers.StudentController#save(StudentDto)
2023-03-24 17:57:22,340 DEBUG org.springframework.core.log.LogFormatUtils [http-nio-8092-exec-3] Read "application/json;charset=UTF-8" to [StudentDto{id=null, name='ysf'}]
2023-03-24 17:57:22,355 DEBUG ma.mypfe.students.controllers.StudentController [http-nio-8092-exec-3] start save methode dto :StudentDto{id=null, name='ysf'}
2023-03-24 17:57:22,356 DEBUG ma.mypfe.students.services.StudentServiceImpl [http-nio-8092-exec-3] start save methode dto :StudentDto{id=null, name='ysf'}
2023-03-24 17:57:22,478 DEBUG org.springframework.web.servlet.mvc.method.annotation.AbstractMessageConverterMethodProcessor [http-nio-8092-exec-3] Using 'application/json', given [*/*] and supported [application/json, application/*+json, application/json, application/*+json]
2023-03-24 17:57:22,479 DEBUG org.springframework.core.log.LogFormatUtils [http-nio-8092-exec-3] Writing [2]
2023-03-24 17:57:22,485 DEBUG org.springframework.web.servlet.FrameworkServlet [http-nio-8092-exec-3] Completed 200 OK
2023-03-24 17:57:35,475 DEBUG org.springframework.core.log.LogFormatUtils [http-nio-8092-exec-4] GET "/api/v1/student/all", parameters={}
2023-03-24 17:57:35,476 DEBUG org.springframework.web.servlet.handler.AbstractHandlerMapping [http-nio-8092-exec-4] Mapped to ma.mypfe.students.controllers.StudentController#selectAll()
2023-03-24 17:57:35,478 DEBUG ma.mypfe.students.controllers.StudentController [http-nio-8092-exec-4] start selectAll methode
2023-03-24 17:57:35,479 DEBUG ma.mypfe.students.services.StudentServiceImpl [http-nio-8092-exec-4] start selectAll methode
2023-03-24 17:57:35,512 DEBUG org.springframework.web.servlet.mvc.method.annotation.AbstractMessageConverterMethodProcessor [http-nio-8092-exec-4] Using 'application/json', given [*/*] and supported [application/json, application/*+json, application/json, application/*+json]
2023-03-24 17:57:35,513 DEBUG org.springframework.core.log.LogFormatUtils [http-nio-8092-exec-4] Writing [[StudentDto{id=2, name='ysf'}]]
2023-03-24 17:57:35,532 DEBUG org.springframework.web.servlet.FrameworkServlet [http-nio-8092-exec-4] Completed 200 OK
2023-03-24 18:01:29,194 INFO org.springframework.orm.jpa.AbstractEntityManagerFactoryBean [SpringApplicationShutdownHook] Closing JPA EntityManagerFactory for persistence unit 'default'
2023-03-24 18:01:29,197 INFO com.zaxxer.hikari.HikariDataSource [SpringApplicationShutdownHook] HikariPool-1 - Shutdown initiated...
2023-03-24 18:01:29,214 INFO com.zaxxer.hikari.HikariDataSource [SpringApplicationShutdownHook] HikariPool-1 - Shutdown completed.
2023-03-24 18:01:37,689 INFO org.springframework.boot.StartupInfoLogger [main] Starting MyPfeApplication using Java 1.8.0_351 on LAPTOP-MHAL7KCU with PID 18808 (D:\JAVA CIGMA\MyPFE\target\classes started by Ayman in D:\JAVA CIGMA\MyPFE)
2023-03-24 18:01:37,694 DEBUG org.springframework.boot.StartupInfoLogger [main] Running with Spring Boot v2.7.7, Spring v5.3.24
2023-03-24 18:01:37,695 INFO org.springframework.boot.SpringApplication [main] The following 1 profile is active: "dev"
2023-03-24 18:01:39,019 INFO org.springframework.data.repository.config.RepositoryConfigurationDelegate [main] Bootstrapping Spring Data JPA repositories in DEFAULT mode.
2023-03-24 18:01:39,110 INFO org.springframework.data.repository.config.RepositoryConfigurationDelegate [main] Finished Spring Data repository scanning in 72 ms. Found 1 JPA repository interfaces.
2023-03-24 18:01:40,198 INFO org.springframework.boot.web.embedded.tomcat.TomcatWebServer [main] Tomcat initialized with port(s): 8092 (http)
2023-03-24 18:01:40,214 INFO org.apache.juli.logging.DirectJDKLog [main] Initializing ProtocolHandler ["http-nio-8092"]
2023-03-24 18:01:40,216 INFO org.apache.juli.logging.DirectJDKLog [main] Starting service [Tomcat]
2023-03-24 18:01:40,216 INFO org.apache.juli.logging.DirectJDKLog [main] Starting Servlet engine: [Apache Tomcat/9.0.70]
2023-03-24 18:01:40,552 INFO org.apache.juli.logging.DirectJDKLog [main] Initializing Spring embedded WebApplicationContext
2023-03-24 18:01:40,553 INFO org.springframework.boot.web.servlet.context.ServletWebServerApplicationContext [main] Root WebApplicationContext: initialization completed in 2783 ms
2023-03-24 18:01:40,858 INFO org.hibernate.jpa.internal.util.LogHelper [main] HHH000204: Processing PersistenceUnitInfo [name: default]
2023-03-24 18:01:40,975 INFO org.hibernate.Version [main] HHH000412: Hibernate ORM core version 5.6.14.Final
2023-03-24 18:01:41,297 INFO org.hibernate.annotations.common.reflection.java.JavaReflectionManager [main] HCANN000001: Hibernate Commons Annotations {5.1.2.Final}
2023-03-24 18:01:41,468 INFO com.zaxxer.hikari.HikariDataSource [main] HikariPool-1 - Starting...
2023-03-24 18:01:41,711 INFO com.zaxxer.hikari.HikariDataSource [main] HikariPool-1 - Start completed.
2023-03-24 18:01:41,733 INFO org.hibernate.dialect.Dialect [main] HHH000400: Using dialect: org.hibernate.dialect.MySQL8Dialect
2023-03-24 18:01:42,702 INFO org.hibernate.engine.transaction.jta.platform.internal.JtaPlatformInitiator [main] HHH000490: Using JtaPlatform implementation: [org.hibernate.engine.transaction.jta.platform.internal.NoJtaPlatform]
2023-03-24 18:01:42,714 INFO org.springframework.orm.jpa.AbstractEntityManagerFactoryBean [main] Initialized JPA EntityManagerFactory for persistence unit 'default'
2023-03-24 18:01:43,420 WARN org.springframework.boot.autoconfigure.orm.jpa.JpaBaseConfiguration$JpaWebConfiguration [main] spring.jpa.open-in-view is enabled by default. Therefore, database queries may be performed during view rendering. Explicitly configure spring.jpa.open-in-view to disable this warning
2023-03-24 18:01:43,536 DEBUG org.springframework.web.servlet.handler.AbstractHandlerMethodMapping [main] 11 mappings in 'requestMappingHandlerMapping'
2023-03-24 18:01:43,915 DEBUG org.springframework.web.servlet.mvc.method.annotation.RequestMappingHandlerAdapter [main] ControllerAdvice beans: 0 @ModelAttribute, 0 @InitBinder, 1 RequestBodyAdvice, 1 ResponseBodyAdvice
2023-03-24 18:01:43,976 DEBUG org.springframework.web.servlet.handler.SimpleUrlHandlerMapping [main] Patterns [/swagger-ui/] in 'viewControllerHandlerMapping'
2023-03-24 18:01:44,001 DEBUG org.springframework.web.servlet.handler.SimpleUrlHandlerMapping [main] Patterns [/webjars/**, /**, /swagger-ui/**] in 'resourceHandlerMapping'
2023-03-24 18:01:44,010 DEBUG org.springframework.web.servlet.mvc.method.annotation.ExceptionHandlerExceptionResolver [main] ControllerAdvice beans: 0 @ExceptionHandler, 1 ResponseBodyAdvice
2023-03-24 18:01:44,143 INFO org.apache.juli.logging.DirectJDKLog [main] Starting ProtocolHandler ["http-nio-8092"]
2023-03-24 18:01:44,172 INFO org.springframework.boot.web.embedded.tomcat.TomcatWebServer [main] Tomcat started on port(s): 8092 (http) with context path ''
2023-03-24 18:01:44,518 INFO org.springframework.boot.StartupInfoLogger [main] Started MyPfeApplication in 7.663 seconds (JVM running for 8.743)
2023-03-24 18:01:44,524 INFO ma.mypfe.students.MyPfeApplication [main] Access URLs:
----------------------------------------------------------
	Local: 		http://127.0.0.1:8092/swagger-ui/#/
	External: 	http://192.168.1.104:8092/swagger-ui/#/
----------------------------------------------------------
2023-03-24 18:04:33,507 INFO org.apache.juli.logging.DirectJDKLog [http-nio-8092-exec-1] Initializing Spring DispatcherServlet 'dispatcherServlet'
2023-03-24 18:04:33,508 INFO org.springframework.web.servlet.FrameworkServlet [http-nio-8092-exec-1] Initializing Servlet 'dispatcherServlet'
2023-03-24 18:04:33,508 DEBUG org.springframework.web.servlet.DispatcherServlet [http-nio-8092-exec-1] Detected StandardServletMultipartResolver
2023-03-24 18:04:33,508 DEBUG org.springframework.web.servlet.DispatcherServlet [http-nio-8092-exec-1] Detected AcceptHeaderLocaleResolver
2023-03-24 18:04:33,508 DEBUG org.springframework.web.servlet.DispatcherServlet [http-nio-8092-exec-1] Detected FixedThemeResolver
2023-03-24 18:04:33,509 DEBUG org.springframework.web.servlet.DispatcherServlet [http-nio-8092-exec-1] Detected org.springframework.web.servlet.view.DefaultRequestToViewNameTranslator@295f2d1b
2023-03-24 18:04:33,510 DEBUG org.springframework.web.servlet.DispatcherServlet [http-nio-8092-exec-1] Detected org.springframework.web.servlet.support.SessionFlashMapManager@113d0f75
2023-03-24 18:04:33,510 DEBUG org.springframework.web.servlet.FrameworkServlet [http-nio-8092-exec-1] enableLoggingRequestDetails='false': request parameters and headers will be masked to prevent unsafe logging of potentially sensitive data
2023-03-24 18:04:33,511 INFO org.springframework.web.servlet.FrameworkServlet [http-nio-8092-exec-1] Completed initialization in 3 ms
2023-03-24 18:04:33,530 DEBUG org.springframework.core.log.LogFormatUtils [http-nio-8092-exec-1] GET "/swagger-ui/", parameters={}
2023-03-24 18:04:33,544 DEBUG org.springframework.web.servlet.handler.AbstractHandlerMapping [http-nio-8092-exec-1] Mapped to ParameterizableViewController [view="forward:/swagger-ui/index.html"]
2023-03-24 18:04:33,556 DEBUG org.springframework.web.servlet.view.ContentNegotiatingViewResolver [http-nio-8092-exec-1] Selected 'text/html' given [text/html, application/xhtml+xml, image/avif, image/webp, image/apng, application/xml;q=0.9, application/signed-exchange;v=b3;q=0.7, */*;q=0.8]
2023-03-24 18:04:33,556 DEBUG org.springframework.web.servlet.view.AbstractView [http-nio-8092-exec-1] View name 'forward:', model {}
2023-03-24 18:04:33,559 DEBUG org.springframework.web.servlet.view.InternalResourceView [http-nio-8092-exec-1] Forwarding to [/swagger-ui/index.html]
2023-03-24 18:04:33,566 DEBUG org.springframework.core.log.LogFormatUtils [http-nio-8092-exec-1] "FORWARD" dispatch for GET "/swagger-ui/index.html", parameters={}
2023-03-24 18:04:33,569 DEBUG org.springframework.web.servlet.handler.AbstractHandlerMapping [http-nio-8092-exec-1] Mapped to ResourceHttpRequestHandler [classpath [META-INF/resources/webjars/springfox-swagger-ui/]]
2023-03-24 18:04:33,588 DEBUG org.springframework.web.servlet.FrameworkServlet [http-nio-8092-exec-1] Exiting from "FORWARD" dispatch, status 200
2023-03-24 18:04:33,590 DEBUG org.springframework.web.servlet.FrameworkServlet [http-nio-8092-exec-1] Completed 200 OK
2023-03-24 18:04:33,660 DEBUG org.springframework.core.log.LogFormatUtils [http-nio-8092-exec-2] GET "/swagger-ui/springfox.css?v=3.0.0", parameters={masked}
2023-03-24 18:04:33,662 DEBUG org.springframework.web.servlet.handler.AbstractHandlerMapping [http-nio-8092-exec-2] Mapped to ResourceHttpRequestHandler [classpath [META-INF/resources/webjars/springfox-swagger-ui/]]
2023-03-24 18:04:33,665 DEBUG org.springframework.core.log.LogFormatUtils [http-nio-8092-exec-3] GET "/swagger-ui/swagger-ui.css?v=3.0.0", parameters={masked}
2023-03-24 18:04:33,665 DEBUG org.springframework.core.log.LogFormatUtils [http-nio-8092-exec-4] GET "/swagger-ui/swagger-ui-bundle.js?v=3.0.0", parameters={masked}
2023-03-24 18:04:33,666 DEBUG org.springframework.web.servlet.handler.AbstractHandlerMapping [http-nio-8092-exec-3] Mapped to ResourceHttpRequestHandler [classpath [META-INF/resources/webjars/springfox-swagger-ui/]]
2023-03-24 18:04:33,668 DEBUG org.springframework.web.servlet.handler.AbstractHandlerMapping [http-nio-8092-exec-4] Mapped to ResourceHttpRequestHandler [classpath [META-INF/resources/webjars/springfox-swagger-ui/]]
2023-03-24 18:04:33,669 DEBUG org.springframework.core.log.LogFormatUtils [http-nio-8092-exec-5] GET "/swagger-ui/springfox.js?v=3.0.0", parameters={masked}
2023-03-24 18:04:33,669 DEBUG org.springframework.core.log.LogFormatUtils [http-nio-8092-exec-6] GET "/swagger-ui/swagger-ui-standalone-preset.js?v=3.0.0", parameters={masked}
2023-03-24 18:04:33,670 DEBUG org.springframework.web.servlet.FrameworkServlet [http-nio-8092-exec-2] Completed 200 OK
2023-03-24 18:04:33,671 DEBUG org.springframework.web.servlet.handler.AbstractHandlerMapping [http-nio-8092-exec-5] Mapped to ResourceHttpRequestHandler [classpath [META-INF/resources/webjars/springfox-swagger-ui/]]
2023-03-24 18:04:33,672 DEBUG org.springframework.web.servlet.handler.AbstractHandlerMapping [http-nio-8092-exec-6] Mapped to ResourceHttpRequestHandler [classpath [META-INF/resources/webjars/springfox-swagger-ui/]]
2023-03-24 18:04:33,682 DEBUG org.springframework.web.servlet.FrameworkServlet [http-nio-8092-exec-3] Completed 200 OK
2023-03-24 18:04:33,688 DEBUG org.springframework.web.servlet.FrameworkServlet [http-nio-8092-exec-5] Completed 200 OK
2023-03-24 18:04:33,701 DEBUG org.springframework.web.servlet.FrameworkServlet [http-nio-8092-exec-6] Completed 200 OK
2023-03-24 18:04:33,738 DEBUG org.springframework.web.servlet.FrameworkServlet [http-nio-8092-exec-4] Completed 200 OK
2023-03-24 18:04:34,398 DEBUG org.springframework.core.log.LogFormatUtils [http-nio-8092-exec-7] GET "/swagger-resources/configuration/ui", parameters={}
2023-03-24 18:04:34,402 DEBUG org.springframework.web.servlet.handler.AbstractHandlerMapping [http-nio-8092-exec-7] Mapped to springfox.documentation.swagger.web.ApiResourceController#uiConfiguration()
2023-03-24 18:04:34,414 DEBUG org.springframework.core.log.LogFormatUtils [http-nio-8092-exec-8] GET "/swagger-ui/favicon-32x32.png?v=3.0.0", parameters={masked}
2023-03-24 18:04:34,415 DEBUG org.springframework.web.servlet.handler.AbstractHandlerMapping [http-nio-8092-exec-8] Mapped to ResourceHttpRequestHandler [classpath [META-INF/resources/webjars/springfox-swagger-ui/]]
2023-03-24 18:04:34,422 DEBUG org.springframework.web.servlet.FrameworkServlet [http-nio-8092-exec-8] Completed 200 OK
2023-03-24 18:04:34,435 DEBUG org.springframework.web.servlet.mvc.method.annotation.AbstractMessageConverterMethodProcessor [http-nio-8092-exec-7] Using 'application/json', given [application/json] and supported [application/json]
2023-03-24 18:04:34,501 DEBUG org.springframework.core.log.LogFormatUtils [http-nio-8092-exec-7] Writing [springfox.documentation.swagger.web.UiConfiguration@3f4fb469]
2023-03-24 18:04:34,545 DEBUG org.springframework.web.servlet.FrameworkServlet [http-nio-8092-exec-7] Completed 200 OK
2023-03-24 18:04:34,559 DEBUG org.springframework.core.log.LogFormatUtils [http-nio-8092-exec-9] GET "/swagger-resources/configuration/security", parameters={}
2023-03-24 18:04:34,560 DEBUG org.springframework.web.servlet.handler.AbstractHandlerMapping [http-nio-8092-exec-9] Mapped to springfox.documentation.swagger.web.ApiResourceController#securityConfiguration()
2023-03-24 18:04:34,561 DEBUG org.springframework.web.servlet.mvc.method.annotation.AbstractMessageConverterMethodProcessor [http-nio-8092-exec-9] Using 'application/json', given [application/json] and supported [application/json]
2023-03-24 18:04:34,566 DEBUG org.springframework.core.log.LogFormatUtils [http-nio-8092-exec-9] Writing [springfox.documentation.swagger.web.SecurityConfiguration@297ec748]
2023-03-24 18:04:34,568 DEBUG org.springframework.web.servlet.FrameworkServlet [http-nio-8092-exec-9] Completed 200 OK
2023-03-24 18:04:34,581 DEBUG org.springframework.core.log.LogFormatUtils [http-nio-8092-exec-10] GET "/swagger-resources", parameters={}
2023-03-24 18:04:34,582 DEBUG org.springframework.web.servlet.handler.AbstractHandlerMapping [http-nio-8092-exec-10] Mapped to springfox.documentation.swagger.web.ApiResourceController#swaggerResources()
2023-03-24 18:04:34,583 DEBUG org.springframework.web.servlet.mvc.method.annotation.AbstractMessageConverterMethodProcessor [http-nio-8092-exec-10] Using 'application/json', given [application/json] and supported [application/json]
2023-03-24 18:04:34,585 DEBUG org.springframework.core.log.LogFormatUtils [http-nio-8092-exec-10] Writing [[springfox.documentation.swagger.web.SwaggerResource@7676e914]]
2023-03-24 18:04:34,590 DEBUG org.springframework.web.servlet.FrameworkServlet [http-nio-8092-exec-10] Completed 200 OK
2023-03-24 18:04:34,648 DEBUG org.springframework.core.log.LogFormatUtils [http-nio-8092-exec-1] GET "/v2/api-docs", parameters={}
2023-03-24 18:04:34,649 DEBUG org.springframework.web.servlet.handler.AbstractHandlerMapping [http-nio-8092-exec-1] Mapped to springfox.documentation.swagger2.web.Swagger2ControllerWebMvc#getDocumentation(String, HttpServletRequest)
2023-03-24 18:04:34,819 DEBUG org.springframework.web.servlet.mvc.method.annotation.AbstractMessageConverterMethodProcessor [http-nio-8092-exec-1] Using 'application/json', given [application/json, */*] and supported [application/json, application/hal+json]
2023-03-24 18:04:34,823 DEBUG org.springframework.core.log.LogFormatUtils [http-nio-8092-exec-1] Writing [springfox.documentation.spring.web.json.Json@19a343b2]
2023-03-24 18:04:34,825 DEBUG org.springframework.web.servlet.FrameworkServlet [http-nio-8092-exec-1] Completed 200 OK
2023-03-24 18:04:38,829 DEBUG org.springframework.core.log.LogFormatUtils [http-nio-8092-exec-2] GET "/v2/api-docs", parameters={}
2023-03-24 18:04:38,830 DEBUG org.springframework.web.servlet.handler.AbstractHandlerMapping [http-nio-8092-exec-2] Mapped to springfox.documentation.swagger2.web.Swagger2ControllerWebMvc#getDocumentation(String, HttpServletRequest)
2023-03-24 18:04:38,843 DEBUG org.springframework.web.servlet.mvc.method.annotation.AbstractMessageConverterMethodProcessor [http-nio-8092-exec-2] Using 'application/json;q=0.8', given [text/html, application/xhtml+xml, image/avif, image/webp, image/apng, application/xml;q=0.9, application/signed-exchange;v=b3;q=0.7, */*;q=0.8] and supported [application/json, application/hal+json]
2023-03-24 18:04:38,844 DEBUG org.springframework.core.log.LogFormatUtils [http-nio-8092-exec-2] Writing [springfox.documentation.spring.web.json.Json@79734500]
2023-03-24 18:04:38,846 DEBUG org.springframework.web.servlet.FrameworkServlet [http-nio-8092-exec-2] Completed 200 OK
2023-03-24 18:04:39,185 DEBUG org.springframework.core.log.LogFormatUtils [http-nio-8092-exec-3] GET "/favicon.ico", parameters={}
2023-03-24 18:04:39,186 DEBUG org.springframework.web.servlet.handler.AbstractHandlerMapping [http-nio-8092-exec-3] Mapped to ResourceHttpRequestHandler [classpath [META-INF/resources/], classpath [resources/], classpath [static/], classpath [public/], ServletContext [/]]
2023-03-24 18:04:39,190 DEBUG org.springframework.web.servlet.resource.ResourceHttpRequestHandler [http-nio-8092-exec-3] Resource not found
2023-03-24 18:04:39,191 DEBUG org.springframework.web.servlet.FrameworkServlet [http-nio-8092-exec-3] Completed 404 NOT_FOUND
2023-03-24 18:04:39,191 DEBUG org.springframework.core.log.LogFormatUtils [http-nio-8092-exec-3] "ERROR" dispatch for GET "/error", parameters={}
2023-03-24 18:04:39,193 DEBUG org.springframework.web.servlet.handler.AbstractHandlerMapping [http-nio-8092-exec-3] Mapped to org.springframework.boot.autoconfigure.web.servlet.error.BasicErrorController#error(HttpServletRequest)
2023-03-24 18:04:39,196 DEBUG org.springframework.web.servlet.mvc.method.annotation.AbstractMessageConverterMethodProcessor [http-nio-8092-exec-3] Using 'application/json;q=0.8', given [image/avif, image/webp, image/apng, image/svg+xml, image/*, */*;q=0.8] and supported [application/json, application/*+json, application/json, application/*+json]
2023-03-24 18:04:39,197 DEBUG org.springframework.core.log.LogFormatUtils [http-nio-8092-exec-3] Writing [{timestamp=Fri Mar 24 18:04:39 WET 2023, status=404, error=Not Found, path=/favicon.ico}]
2023-03-24 18:04:39,215 DEBUG org.springframework.web.servlet.FrameworkServlet [http-nio-8092-exec-3] Exiting from "ERROR" dispatch, status 404
2023-03-24 18:05:09,817 DEBUG org.springframework.core.log.LogFormatUtils [http-nio-8092-exec-10] GET "/api/v1/student/all", parameters={}
2023-03-24 18:05:09,818 DEBUG org.springframework.web.servlet.handler.AbstractHandlerMapping [http-nio-8092-exec-10] Mapped to ma.mypfe.students.controllers.StudentController#selectAll()
2023-03-24 18:05:09,819 DEBUG ma.mypfe.students.controllers.StudentController [http-nio-8092-exec-10] start selectAll methode
2023-03-24 18:05:09,820 DEBUG ma.mypfe.students.services.StudentServiceImpl [http-nio-8092-exec-10] start selectAll methode
2023-03-24 18:05:10,110 DEBUG org.springframework.web.servlet.mvc.method.annotation.AbstractMessageConverterMethodProcessor [http-nio-8092-exec-10] Using 'application/json', given [*/*] and supported [application/json, application/*+json, application/json, application/*+json]
2023-03-24 18:05:10,111 DEBUG org.springframework.core.log.LogFormatUtils [http-nio-8092-exec-10] Writing [[StudentDto{id=2, name='ysf'}]]
2023-03-24 18:05:10,116 DEBUG org.springframework.web.servlet.FrameworkServlet [http-nio-8092-exec-10] Completed 200 OK
2023-03-24 18:05:23,008 DEBUG org.springframework.core.log.LogFormatUtils [http-nio-8092-exec-1] POST "/api/v1/student/add", parameters={}
2023-03-24 18:05:23,009 DEBUG org.springframework.web.servlet.handler.AbstractHandlerMapping [http-nio-8092-exec-1] Mapped to ma.mypfe.students.controllers.StudentController#save(StudentDto)
2023-03-24 18:05:23,053 DEBUG org.springframework.core.log.LogFormatUtils [http-nio-8092-exec-1] Read "application/json;charset=UTF-8" to [StudentDto{id=null, name='ayman'}]
2023-03-24 18:05:23,055 DEBUG ma.mypfe.students.controllers.StudentController [http-nio-8092-exec-1] start save methode dto :StudentDto{id=null, name='ayman'}
2023-03-24 18:05:23,056 DEBUG ma.mypfe.students.services.StudentServiceImpl [http-nio-8092-exec-1] start save methode dto :StudentDto{id=null, name='ayman'}
2023-03-24 18:05:23,119 DEBUG org.springframework.web.servlet.mvc.method.annotation.AbstractMessageConverterMethodProcessor [http-nio-8092-exec-1] Using 'application/json', given [*/*] and supported [application/json, application/*+json, application/json, application/*+json]
2023-03-24 18:05:23,119 DEBUG org.springframework.core.log.LogFormatUtils [http-nio-8092-exec-1] Writing [StudentDto{id=3, name='ayman'}]
2023-03-24 18:05:23,120 DEBUG org.springframework.web.servlet.FrameworkServlet [http-nio-8092-exec-1] Completed 200 OK
2023-03-24 18:17:21,329 INFO org.springframework.orm.jpa.AbstractEntityManagerFactoryBean [SpringApplicationShutdownHook] Closing JPA EntityManagerFactory for persistence unit 'default'
2023-03-24 18:17:21,332 INFO com.zaxxer.hikari.HikariDataSource [SpringApplicationShutdownHook] HikariPool-1 - Shutdown initiated...
2023-03-24 18:17:21,347 INFO com.zaxxer.hikari.HikariDataSource [SpringApplicationShutdownHook] HikariPool-1 - Shutdown completed.
